========== 会话开始 2026-07-22 14:53:51.784 ==========
INFO | 日志文件 | D:\Qt\project\opencv\build\Desktop_Qt_6_7_3_MSVC2019_64bit_Debug\debug\logs\app_20260722.log
INFO | 应用 | 图像处理工具 1.0.0
14:53:51.785 | INFO | 程序启动
14:53:52.385 | INFO | 主窗口已显示
14:54:37.922 | INFO | 打开文件夹 | dir=C:/Users/Admin/Desktop/图片 count=4
14:54:39.280 | INFO | 清空处理链 | removed=0 reprocessAfter=否
14:54:39.281 | INFO | 加载图片 | path=C:/Users/Admin/Desktop/图片/input.png size=1066x1061 prev=(无) session=新建空会话 blocks=0 rois=0
14:54:40.643 | INFO | 保存会话 | path=C:/Users/Admin/Desktop/图片/input.png blocks=0 rois=0
14:54:40.646 | INFO | 清空处理链 | removed=0 reprocessAfter=否
14:54:40.646 | INFO | 加载图片 | path=C:/Users/Admin/Desktop/图片/result.png size=1066x1061 prev=C:/Users/Admin/Desktop/图片/input.png session=新建空会话 blocks=0 rois=0
14:54:41.020 | INFO | 保存会话 | path=C:/Users/Admin/Desktop/图片/result.png blocks=0 rois=0
14:54:41.021 | INFO | 清空处理链 | removed=0 reprocessAfter=否
14:54:41.022 | INFO | 加载图片 | path=C:/Users/Admin/Desktop/图片/result1.png size=1066x1061 prev=C:/Users/Admin/Desktop/图片/result.png session=新建空会话 blocks=0 rois=0
14:54:41.459 | INFO | 保存会话 | path=C:/Users/Admin/Desktop/图片/result1.png blocks=0 rois=0
14:54:41.460 | INFO | 清空处理链 | removed=0 reprocessAfter=否
14:54:41.461 | INFO | 加载图片 | path=C:/Users/Admin/Desktop/图片/壁纸.png size=1672x942 prev=C:/Users/Admin/Desktop/图片/result1.png session=新建空会话 blocks=0 rois=0
14:54:42.282 | INFO | 保存会话 | path=C:/Users/Admin/Desktop/图片/壁纸.png blocks=0 rois=0
14:54:42.284 | INFO | 清空处理链 | removed=0 reprocessAfter=否
14:54:42.284 | INFO | 恢复会话 | blocks=0 rois=0
14:54:42.285 | INFO | 加载图片 | path=C:/Users/Admin/Desktop/图片/result1.png size=1066x1061 prev=C:/Users/Admin/Desktop/图片/壁纸.png session=恢复 blocks=0 rois=0
14:54:42.743 | INFO | 保存会话 | path=C:/Users/Admin/Desktop/图片/result1.png blocks=0 rois=0
14:54:42.744 | INFO | 清空处理链 | removed=0 reprocessAfter=否
14:54:42.745 | INFO | 恢复会话 | blocks=0 rois=0
14:54:42.745 | INFO | 加载图片 | path=C:/Users/Admin/Desktop/图片/result.png size=1066x1061 prev=C:/Users/Admin/Desktop/图片/result1.png session=恢复 blocks=0 rois=0
14:54:43.170 | INFO | 保存会话 | path=C:/Users/Admin/Desktop/图片/result.png blocks=0 rois=0
14:54:43.171 | INFO | 清空处理链 | removed=0 reprocessAfter=否
14:54:43.172 | INFO | 恢复会话 | blocks=0 rois=0
14:54:43.172 | INFO | 加载图片 | path=C:/Users/Admin/Desktop/图片/input.png size=1066x1061 prev=C:/Users/Admin/Desktop/图片/result.png session=恢复 blocks=0 rois=0
14:54:45.873 | INFO | 添加ROI | type=rect center=(533,530.5) size=100x100 total=1
14:54:47.161 | INFO | 删除ROI | mode=选中 removed=1 remain=0
14:54:48.561 | INFO | 添加ROI | type=rect center=(533,530.5) size=100x100 total=1
14:54:53.814 | INFO | 添加ROI | type=rect center=(533,530.5) size=100x100 total=2
14:55:01.395 | INFO | 添加ROI | type=ellipse center=(533,530.5) size=100x100 total=3
14:55:11.728 | INFO | 开始处理 | path=C:/Users/Admin/Desktop/图片/input.png blocks=1 enabled=1 rois=3 chain=[二值化处理]
14:55:11.759 | INFO | 执行处理块 | name=二值化处理 elapsed=29 ms rois=3
14:55:11.760 | INFO | 流水线结束 | total=30 ms steps=[二值化处理(29ms)]
14:55:11.760 | INFO | 处理完成 | elapsed=30 ms path=C:/Users/Admin/Desktop/图片/input.png result=1066x1061
14:55:11.804 | INFO | 添加处理块 | name=二值化处理 index=0
14:55:13.622 | INFO | 开始处理 | path=C:/Users/Admin/Desktop/图片/input.png blocks=1 enabled=1 rois=3 chain=[二值化处理]
14:55:13.647 | INFO | 执行处理块 | name=二值化处理 elapsed=23 ms rois=3
14:55:13.648 | INFO | 流水线结束 | total=24 ms steps=[二值化处理(23ms)]
14:55:13.649 | INFO | 处理完成 | elapsed=24 ms path=C:/Users/Admin/Desktop/图片/input.png result=1066x1061
14:55:14.574 | INFO | 开始处理 | path=C:/Users/Admin/Desktop/图片/input.png blocks=1 enabled=1 rois=3 chain=[二值化处理]
14:55:14.596 | INFO | 执行处理块 | name=二值化处理 elapsed=22 ms rois=3
14:55:14.597 | INFO | 流水线结束 | total=23 ms steps=[二值化处理(22ms)]
14:55:14.599 | INFO | 处理完成 | elapsed=23 ms path=C:/Users/Admin/Desktop/图片/input.png result=1066x1061
14:55:15.337 | INFO | 开始处理 | path=C:/Users/Admin/Desktop/图片/input.png blocks=1 enabled=1 rois=3 chain=[二值化处理]
14:55:15.362 | INFO | 执行处理块 | name=二值化处理 elapsed=24 ms rois=3
14:55:15.363 | INFO | 流水线结束 | total=25 ms steps=[二值化处理(24ms)]
14:55:15.364 | INFO | 处理完成 | elapsed=25 ms path=C:/Users/Admin/Desktop/图片/input.png result=1066x1061
14:55:15.664 | INFO | 开始处理 | path=C:/Users/Admin/Desktop/图片/input.png blocks=1 enabled=1 rois=3 chain=[二值化处理]
14:55:15.692 | INFO | 执行处理块 | name=二值化处理 elapsed=27 ms rois=3
14:55:15.694 | INFO | 流水线结束 | total=28 ms steps=[二值化处理(27ms)]
14:55:15.695 | INFO | 处理完成 | elapsed=28 ms path=C:/Users/Admin/Desktop/图片/input.png result=1066x1061
14:55:16.088 | INFO | 开始处理 | path=C:/Users/Admin/Desktop/图片/input.png blocks=1 enabled=1 rois=3 chain=[二值化处理]
14:55:16.112 | INFO | 执行处理块 | name=二值化处理 elapsed=22 ms rois=3
14:55:16.112 | INFO | 流水线结束 | total=24 ms steps=[二值化处理(22ms)]
14:55:16.113 | INFO | 处理完成 | elapsed=24 ms path=C:/Users/Admin/Desktop/图片/input.png result=1066x1061
14:55:17.504 | INFO | 开始处理 | path=C:/Users/Admin/Desktop/图片/input.png blocks=1 enabled=1 rois=3 chain=[二值化处理]
14:55:17.528 | INFO | 执行处理块 | name=二值化处理 elapsed=23 ms rois=3
14:55:17.528 | INFO | 流水线结束 | total=24 ms steps=[二值化处理(23ms)]
14:55:17.530 | INFO | 处理完成 | elapsed=24 ms path=C:/Users/Admin/Desktop/图片/input.png result=1066x1061
14:55:34.792 | INFO | 保存会话 | path=C:/Users/Admin/Desktop/图片/input.png blocks=1 rois=3
14:55:34.795 | INFO | 清空处理链 | removed=1 reprocessAfter=否
14:55:34.795 | INFO | 恢复会话 | blocks=0 rois=0
14:55:34.795 | INFO | 加载图片 | path=C:/Users/Admin/Desktop/图片/result.png size=1066x1061 prev=C:/Users/Admin/Desktop/图片/input.png session=恢复 blocks=0 rois=0
14:55:35.725 | INFO | 保存会话 | path=C:/Users/Admin/Desktop/图片/result.png blocks=0 rois=0
14:55:35.727 | INFO | 清空处理链 | removed=0 reprocessAfter=否
14:55:35.743 | INFO | 添加处理块 | name=二值化处理 index=0
14:55:35.744 | INFO | 恢复会话 | blocks=1 rois=3
14:55:35.744 | INFO | 开始处理 | path=C:/Users/Admin/Desktop/图片/input.png blocks=1 enabled=1 rois=3 chain=[二值化处理]
14:55:35.768 | INFO | 执行处理块 | name=二值化处理 elapsed=23 ms rois=3
14:55:35.769 | INFO | 流水线结束 | total=24 ms steps=[二值化处理(23ms)]
14:55:35.769 | INFO | 处理完成 | elapsed=24 ms path=C:/Users/Admin/Desktop/图片/input.png result=1066x1061
14:55:35.770 | INFO | 加载图片 | path=C:/Users/Admin/Desktop/图片/input.png size=1066x1061 prev=C:/Users/Admin/Desktop/图片/result.png session=恢复 blocks=1 rois=3
14:55:36.355 | INFO | 保存会话 | path=C:/Users/Admin/Desktop/图片/input.png blocks=1 rois=3
14:55:36.358 | INFO | 清空处理链 | removed=1 reprocessAfter=否
14:55:36.358 | INFO | 恢复会话 | blocks=0 rois=0
14:55:36.359 | INFO | 加载图片 | path=C:/Users/Admin/Desktop/图片/result.png size=1066x1061 prev=C:/Users/Admin/Desktop/图片/input.png session=恢复 blocks=0 rois=0
14:55:37.068 | INFO | 保存会话 | path=C:/Users/Admin/Desktop/图片/result.png blocks=0 rois=0
14:55:37.069 | INFO | 清空处理链 | removed=0 reprocessAfter=否
14:55:37.084 | INFO | 添加处理块 | name=二值化处理 index=0
14:55:37.086 | INFO | 恢复会话 | blocks=1 rois=3
14:55:37.086 | INFO | 开始处理 | path=C:/Users/Admin/Desktop/图片/input.png blocks=1 enabled=1 rois=3 chain=[二值化处理]
14:55:37.112 | INFO | 执行处理块 | name=二值化处理 elapsed=25 ms rois=3
14:55:37.113 | INFO | 流水线结束 | total=26 ms steps=[二值化处理(25ms)]
14:55:37.114 | INFO | 处理完成 | elapsed=26 ms path=C:/Users/Admin/Desktop/图片/input.png result=1066x1061
14:55:37.115 | INFO | 加载图片 | path=C:/Users/Admin/Desktop/图片/input.png size=1066x1061 prev=C:/Users/Admin/Desktop/图片/result.png session=恢复 blocks=1 rois=3
14:55:37.922 | INFO | 保存会话 | path=C:/Users/Admin/Desktop/图片/input.png blocks=1 rois=3
14:55:37.924 | INFO | 清空处理链 | removed=1 reprocessAfter=否
14:55:37.924 | INFO | 恢复会话 | blocks=0 rois=0
14:55:37.925 | INFO | 加载图片 | path=C:/Users/Admin/Desktop/图片/result.png size=1066x1061 prev=C:/Users/Admin/Desktop/图片/input.png session=恢复 blocks=0 rois=0
14:55:39.020 | INFO | 开始处理 | path=C:/Users/Admin/Desktop/图片/result.png blocks=1 enabled=1 rois=0 chain=[二值化处理]
14:55:39.041 | INFO | 执行处理块 | name=二值化处理 elapsed=19 ms rois=0
14:55:39.042 | INFO | 流水线结束 | total=20 ms steps=[二值化处理(19ms)]
14:55:39.042 | INFO | 处理完成 | elapsed=20 ms path=C:/Users/Admin/Desktop/图片/result.png result=1066x1061
14:55:39.052 | INFO | 添加处理块 | name=二值化处理 index=0
14:55:40.215 | INFO | 保存会话 | path=C:/Users/Admin/Desktop/图片/result.png blocks=1 rois=0
14:55:40.217 | INFO | 清空处理链 | removed=1 reprocessAfter=否
14:55:40.217 | INFO | 恢复会话 | blocks=0 rois=0
14:55:40.217 | INFO | 加载图片 | path=C:/Users/Admin/Desktop/图片/result1.png size=1066x1061 prev=C:/Users/Admin/Desktop/图片/result.png session=恢复 blocks=0 rois=0
14:55:41.244 | INFO | 开始处理 | path=C:/Users/Admin/Desktop/图片/result1.png blocks=1 enabled=1 rois=0 chain=[形态学处理]
14:55:41.265 | INFO | 执行处理块 | name=形态学处理 elapsed=19 ms rois=0
14:55:41.266 | INFO | 流水线结束 | total=20 ms steps=[形态学处理(19ms)]
14:55:41.266 | INFO | 处理完成 | elapsed=20 ms path=C:/Users/Admin/Desktop/图片/result1.png result=1066x1061
14:55:41.291 | INFO | 添加处理块 | name=形态学处理 index=0
14:55:42.607 | INFO | 保存会话 | path=C:/Users/Admin/Desktop/图片/result1.png blocks=1 rois=0
14:55:42.610 | INFO | 清空处理链 | removed=1 reprocessAfter=否
14:55:42.610 | INFO | 恢复会话 | blocks=0 rois=0
14:55:42.611 | INFO | 加载图片 | path=C:/Users/Admin/Desktop/图片/壁纸.png size=1672x942 prev=C:/Users/Admin/Desktop/图片/result1.png session=恢复 blocks=0 rois=0
14:55:43.548 | INFO | 开始处理 | path=C:/Users/Admin/Desktop/图片/壁纸.png blocks=1 enabled=1 rois=0 chain=[滤波处理]
14:55:43.598 | INFO | 执行处理块 | name=滤波处理 elapsed=49 ms rois=0
14:55:43.598 | INFO | 流水线结束 | total=50 ms steps=[滤波处理(49ms)]
14:55:43.599 | INFO | 处理完成 | elapsed=50 ms path=C:/Users/Admin/Desktop/图片/壁纸.png result=1672x942
14:55:43.624 | INFO | 添加处理块 | name=滤波处理 index=0
14:55:44.349 | INFO | 开始处理 | path=C:/Users/Admin/Desktop/图片/壁纸.png blocks=2 enabled=2 rois=0 chain=[滤波处理 -> 灰度变换]
14:55:44.402 | INFO | 执行处理块 | name=滤波处理 elapsed=51 ms rois=0
14:55:44.428 | INFO | 执行处理块 | name=灰度变换 elapsed=25 ms rois=0
14:55:44.428 | INFO | 流水线结束 | total=78 ms steps=[滤波处理(51ms) -> 灰度变换(25ms)]
14:55:44.430 | INFO | 处理完成 | elapsed=78 ms path=C:/Users/Admin/Desktop/图片/壁纸.png result=1672x942
14:55:44.455 | INFO | 添加处理块 | name=灰度变换 index=1
14:55:44.963 | INFO | 开始处理 | path=C:/Users/Admin/Desktop/图片/壁纸.png blocks=3 enabled=3 rois=0 chain=[滤波处理 -> 灰度变换 -> 伪彩色处理]
14:55:45.017 | INFO | 执行处理块 | name=滤波处理 elapsed=52 ms rois=0
14:55:45.045 | INFO | 执行处理块 | name=灰度变换 elapsed=26 ms rois=0
14:55:45.077 | INFO | 执行处理块 | name=伪彩色处理 elapsed=30 ms rois=0
14:55:45.077 | INFO | 流水线结束 | total=112 ms steps=[滤波处理(52ms) -> 灰度变换(26ms) -> 伪彩色处理(30ms)]
14:55:45.078 | INFO | 处理完成 | elapsed=112 ms path=C:/Users/Admin/Desktop/图片/壁纸.png result=1672x942
14:55:45.100 | INFO | 添加处理块 | name=伪彩色处理 index=2
14:55:46.181 | INFO | 保存会话 | path=C:/Users/Admin/Desktop/图片/壁纸.png blocks=3 rois=0
14:55:46.184 | INFO | 清空处理链 | removed=3 reprocessAfter=否
14:55:46.200 | INFO | 添加处理块 | name=二值化处理 index=0
14:55:46.201 | INFO | 恢复会话 | blocks=1 rois=3
14:55:46.202 | INFO | 开始处理 | path=C:/Users/Admin/Desktop/图片/input.png blocks=1 enabled=1 rois=3 chain=[二值化处理]
14:55:46.225 | INFO | 执行处理块 | name=二值化处理 elapsed=23 ms rois=3
14:55:46.227 | INFO | 流水线结束 | total=24 ms steps=[二值化处理(23ms)]
14:55:46.227 | INFO | 处理完成 | elapsed=24 ms path=C:/Users/Admin/Desktop/图片/input.png result=1066x1061
14:55:46.228 | INFO | 加载图片 | path=C:/Users/Admin/Desktop/图片/input.png size=1066x1061 prev=C:/Users/Admin/Desktop/图片/壁纸.png session=恢复 blocks=1 rois=3
14:55:46.865 | INFO | 保存会话 | path=C:/Users/Admin/Desktop/图片/input.png blocks=1 rois=3
14:55:46.868 | INFO | 清空处理链 | removed=1 reprocessAfter=否
14:55:46.884 | INFO | 添加处理块 | name=二值化处理 index=0
14:55:46.884 | INFO | 恢复会话 | blocks=1 rois=0
14:55:46.885 | INFO | 开始处理 | path=C:/Users/Admin/Desktop/图片/result.png blocks=1 enabled=1 rois=0 chain=[二值化处理]
14:55:46.907 | INFO | 执行处理块 | name=二值化处理 elapsed=21 ms rois=0
14:55:46.907 | INFO | 流水线结束 | total=21 ms steps=[二值化处理(21ms)]
14:55:46.908 | INFO | 处理完成 | elapsed=21 ms path=C:/Users/Admin/Desktop/图片/result.png result=1066x1061
14:55:46.908 | INFO | 加载图片 | path=C:/Users/Admin/Desktop/图片/result.png size=1066x1061 prev=C:/Users/Admin/Desktop/图片/input.png session=恢复 blocks=1 rois=0
14:55:48.194 | INFO | 保存会话 | path=C:/Users/Admin/Desktop/图片/result.png blocks=1 rois=0
14:55:48.197 | INFO | 清空处理链 | removed=1 reprocessAfter=否
14:55:48.235 | INFO | 添加处理块 | name=形态学处理 index=0
14:55:48.235 | INFO | 恢复会话 | blocks=1 rois=0
14:55:48.236 | INFO | 开始处理 | path=C:/Users/Admin/Desktop/图片/result1.png blocks=1 enabled=1 rois=0 chain=[形态学处理]
14:55:48.255 | INFO | 执行处理块 | name=形态学处理 elapsed=18 ms rois=0
14:55:48.255 | INFO | 流水线结束 | total=19 ms steps=[形态学处理(18ms)]
14:55:48.256 | INFO | 处理完成 | elapsed=19 ms path=C:/Users/Admin/Desktop/图片/result1.png result=1066x1061
14:55:48.256 | INFO | 加载图片 | path=C:/Users/Admin/Desktop/图片/result1.png size=1066x1061 prev=C:/Users/Admin/Desktop/图片/result.png session=恢复 blocks=1 rois=0
14:55:48.596 | INFO | 保存会话 | path=C:/Users/Admin/Desktop/图片/result1.png blocks=1 rois=0
14:55:48.598 | INFO | 清空处理链 | removed=1 reprocessAfter=否
14:55:48.614 | INFO | 添加处理块 | name=二值化处理 index=0
14:55:48.614 | INFO | 恢复会话 | blocks=1 rois=0
14:55:48.614 | INFO | 开始处理 | path=C:/Users/Admin/Desktop/图片/result.png blocks=1 enabled=1 rois=0 chain=[二值化处理]
14:55:48.635 | INFO | 执行处理块 | name=二值化处理 elapsed=19 ms rois=0
14:55:48.636 | INFO | 流水线结束 | total=20 ms steps=[二值化处理(19ms)]
14:55:48.637 | INFO | 处理完成 | elapsed=20 ms path=C:/Users/Admin/Desktop/图片/result.png result=1066x1061
14:55:48.637 | INFO | 加载图片 | path=C:/Users/Admin/Desktop/图片/result.png size=1066x1061 prev=C:/Users/Admin/Desktop/图片/result1.png session=恢复 blocks=1 rois=0
14:55:49.107 | INFO | 保存会话 | path=C:/Users/Admin/Desktop/图片/result.png blocks=1 rois=0
14:55:49.109 | INFO | 清空处理链 | removed=1 reprocessAfter=否
14:55:49.125 | INFO | 添加处理块 | name=二值化处理 index=0
14:55:49.126 | INFO | 恢复会话 | blocks=1 rois=3
14:55:49.126 | INFO | 开始处理 | path=C:/Users/Admin/Desktop/图片/input.png blocks=1 enabled=1 rois=3 chain=[二值化处理]
14:55:49.152 | INFO | 执行处理块 | name=二值化处理 elapsed=24 ms rois=3
14:55:49.152 | INFO | 流水线结束 | total=25 ms steps=[二值化处理(24ms)]
14:55:49.153 | INFO | 处理完成 | elapsed=25 ms path=C:/Users/Admin/Desktop/图片/input.png result=1066x1061
14:55:49.154 | INFO | 加载图片 | path=C:/Users/Admin/Desktop/图片/input.png size=1066x1061 prev=C:/Users/Admin/Desktop/图片/result.png session=恢复 blocks=1 rois=3
14:55:50.214 | INFO | 保存会话 | path=C:/Users/Admin/Desktop/图片/input.png blocks=1 rois=3
14:55:50.217 | INFO | 清空处理链 | removed=1 reprocessAfter=否
14:55:50.253 | INFO | 添加处理块 | name=滤波处理 index=0
14:55:50.292 | INFO | 添加处理块 | name=灰度变换 index=1
14:55:50.321 | INFO | 添加处理块 | name=伪彩色处理 index=2
14:55:50.321 | INFO | 恢复会话 | blocks=3 rois=0
14:55:50.322 | INFO | 开始处理 | path=C:/Users/Admin/Desktop/图片/壁纸.png blocks=3 enabled=3 rois=0 chain=[滤波处理 -> 灰度变换 -> 伪彩色处理]
14:55:50.375 | INFO | 执行处理块 | name=滤波处理 elapsed=52 ms rois=0
14:55:50.401 | INFO | 执行处理块 | name=灰度变换 elapsed=26 ms rois=0
14:55:50.431 | INFO | 执行处理块 | name=伪彩色处理 elapsed=27 ms rois=0
14:55:50.431 | INFO | 流水线结束 | total=109 ms steps=[滤波处理(52ms) -> 灰度变换(26ms) -> 伪彩色处理(27ms)]
14:55:50.432 | INFO | 处理完成 | elapsed=109 ms path=C:/Users/Admin/Desktop/图片/壁纸.png result=1672x942
14:55:50.432 | INFO | 加载图片 | path=C:/Users/Admin/Desktop/图片/壁纸.png size=1672x942 prev=C:/Users/Admin/Desktop/图片/input.png session=恢复 blocks=3 rois=0
14:55:51.239 | INFO | 保存会话 | path=C:/Users/Admin/Desktop/图片/壁纸.png blocks=3 rois=0
14:55:51.242 | INFO | 清空处理链 | removed=3 reprocessAfter=否
14:55:51.280 | INFO | 添加处理块 | name=形态学处理 index=0
14:55:51.281 | INFO | 恢复会话 | blocks=1 rois=0
14:55:51.281 | INFO | 开始处理 | path=C:/Users/Admin/Desktop/图片/result1.png blocks=1 enabled=1 rois=0 chain=[形态学处理]
14:55:51.300 | INFO | 执行处理块 | name=形态学处理 elapsed=17 ms rois=0
14:55:51.301 | INFO | 流水线结束 | total=18 ms steps=[形态学处理(17ms)]
14:55:51.301 | INFO | 处理完成 | elapsed=18 ms path=C:/Users/Admin/Desktop/图片/result1.png result=1066x1061
14:55:51.302 | INFO | 加载图片 | path=C:/Users/Admin/Desktop/图片/result1.png size=1066x1061 prev=C:/Users/Admin/Desktop/图片/壁纸.png session=恢复 blocks=1 rois=0
14:55:52.080 | INFO | 保存会话 | path=C:/Users/Admin/Desktop/图片/result1.png blocks=1 rois=0
14:55:52.082 | INFO | 清空处理链 | removed=1 reprocessAfter=否
14:55:52.099 | INFO | 添加处理块 | name=二值化处理 index=0
14:55:52.099 | INFO | 恢复会话 | blocks=1 rois=0
14:55:52.100 | INFO | 开始处理 | path=C:/Users/Admin/Desktop/图片/result.png blocks=1 enabled=1 rois=0 chain=[二值化处理]
14:55:52.120 | INFO | 执行处理块 | name=二值化处理 elapsed=20 ms rois=0
14:55:52.121 | INFO | 流水线结束 | total=21 ms steps=[二值化处理(20ms)]
14:55:52.121 | INFO | 处理完成 | elapsed=21 ms path=C:/Users/Admin/Desktop/图片/result.png result=1066x1061
14:55:52.122 | INFO | 加载图片 | path=C:/Users/Admin/Desktop/图片/result.png size=1066x1061 prev=C:/Users/Admin/Desktop/图片/result1.png session=恢复 blocks=1 rois=0
14:55:52.568 | INFO | 保存会话 | path=C:/Users/Admin/Desktop/图片/result.png blocks=1 rois=0
14:55:52.571 | INFO | 清空处理链 | removed=1 reprocessAfter=否
14:55:52.609 | INFO | 添加处理块 | name=形态学处理 index=0
14:55:52.610 | INFO | 恢复会话 | blocks=1 rois=0
14:55:52.610 | INFO | 开始处理 | path=C:/Users/Admin/Desktop/图片/result1.png blocks=1 enabled=1 rois=0 chain=[形态学处理]
14:55:52.629 | INFO | 执行处理块 | name=形态学处理 elapsed=18 ms rois=0
14:55:52.629 | INFO | 流水线结束 | total=19 ms steps=[形态学处理(18ms)]
14:55:52.630 | INFO | 处理完成 | elapsed=19 ms path=C:/Users/Admin/Desktop/图片/result1.png result=1066x1061
14:55:52.630 | INFO | 加载图片 | path=C:/Users/Admin/Desktop/图片/result1.png size=1066x1061 prev=C:/Users/Admin/Desktop/图片/result.png session=恢复 blocks=1 rois=0
14:55:53.588 | INFO | 保存会话 | path=C:/Users/Admin/Desktop/图片/result1.png blocks=1 rois=0
14:55:53.591 | INFO | 清空处理链 | removed=1 reprocessAfter=否
14:55:53.628 | INFO | 添加处理块 | name=滤波处理 index=0
14:55:53.665 | INFO | 添加处理块 | name=灰度变换 index=1
14:55:53.694 | INFO | 添加处理块 | name=伪彩色处理 index=2
14:55:53.695 | INFO | 恢复会话 | blocks=3 rois=0
14:55:53.695 | INFO | 开始处理 | path=C:/Users/Admin/Desktop/图片/壁纸.png blocks=3 enabled=3 rois=0 chain=[滤波处理 -> 灰度变换 -> 伪彩色处理]
14:55:53.745 | INFO | 执行处理块 | name=滤波处理 elapsed=49 ms rois=0
14:55:53.769 | INFO | 执行处理块 | name=灰度变换 elapsed=23 ms rois=0
14:55:53.799 | INFO | 执行处理块 | name=伪彩色处理 elapsed=29 ms rois=0
14:55:53.800 | INFO | 流水线结束 | total=104 ms steps=[滤波处理(49ms) -> 灰度变换(23ms) -> 伪彩色处理(29ms)]
14:55:53.800 | INFO | 处理完成 | elapsed=104 ms path=C:/Users/Admin/Desktop/图片/壁纸.png result=1672x942
14:55:53.801 | INFO | 加载图片 | path=C:/Users/Admin/Desktop/图片/壁纸.png size=1672x942 prev=C:/Users/Admin/Desktop/图片/result1.png session=恢复 blocks=3 rois=0
14:55:53.990 | INFO | 保存会话 | path=C:/Users/Admin/Desktop/图片/壁纸.png blocks=3 rois=0
14:55:53.993 | INFO | 清空处理链 | removed=3 reprocessAfter=否
14:55:54.031 | INFO | 添加处理块 | name=形态学处理 index=0
14:55:54.031 | INFO | 恢复会话 | blocks=1 rois=0
14:55:54.032 | INFO | 开始处理 | path=C:/Users/Admin/Desktop/图片/result1.png blocks=1 enabled=1 rois=0 chain=[形态学处理]
14:55:54.050 | INFO | 执行处理块 | name=形态学处理 elapsed=18 ms rois=0
14:55:54.051 | INFO | 流水线结束 | total=19 ms steps=[形态学处理(18ms)]
14:55:54.051 | INFO | 处理完成 | elapsed=19 ms path=C:/Users/Admin/Desktop/图片/result1.png result=1066x1061
14:55:54.052 | INFO | 加载图片 | path=C:/Users/Admin/Desktop/图片/result1.png size=1066x1061 prev=C:/Users/Admin/Desktop/图片/壁纸.png session=恢复 blocks=1 rois=0
14:55:54.343 | INFO | 保存会话 | path=C:/Users/Admin/Desktop/图片/result1.png blocks=1 rois=0
14:55:54.345 | INFO | 清空处理链 | removed=1 reprocessAfter=否
14:55:54.361 | INFO | 添加处理块 | name=二值化处理 index=0
14:55:54.361 | INFO | 恢复会话 | blocks=1 rois=0
14:55:54.362 | INFO | 开始处理 | path=C:/Users/Admin/Desktop/图片/result.png blocks=1 enabled=1 rois=0 chain=[二值化处理]
14:55:54.384 | INFO | 执行处理块 | name=二值化处理 elapsed=21 ms rois=0
14:55:54.384 | INFO | 流水线结束 | total=22 ms steps=[二值化处理(21ms)]
14:55:54.385 | INFO | 处理完成 | elapsed=22 ms path=C:/Users/Admin/Desktop/图片/result.png result=1066x1061
14:55:54.385 | INFO | 加载图片 | path=C:/Users/Admin/Desktop/图片/result.png size=1066x1061 prev=C:/Users/Admin/Desktop/图片/result1.png session=恢复 blocks=1 rois=0
14:55:54.714 | INFO | 保存会话 | path=C:/Users/Admin/Desktop/图片/result.png blocks=1 rois=0
14:55:54.718 | INFO | 清空处理链 | removed=1 reprocessAfter=否
14:55:54.734 | INFO | 添加处理块 | name=二值化处理 index=0
14:55:54.735 | INFO | 恢复会话 | blocks=1 rois=3
14:55:54.735 | INFO | 开始处理 | path=C:/Users/Admin/Desktop/图片/input.png blocks=1 enabled=1 rois=3 chain=[二值化处理]
14:55:54.761 | INFO | 执行处理块 | name=二值化处理 elapsed=24 ms rois=3
14:55:54.761 | INFO | 流水线结束 | total=25 ms steps=[二值化处理(24ms)]
14:55:54.762 | INFO | 处理完成 | elapsed=25 ms path=C:/Users/Admin/Desktop/图片/input.png result=1066x1061
14:55:54.763 | INFO | 加载图片 | path=C:/Users/Admin/Desktop/图片/input.png size=1066x1061 prev=C:/Users/Admin/Desktop/图片/result.png session=恢复 blocks=1 rois=3
14:57:47.799 | INFO | 程序退出
========== 会话开始 2026-07-22 15:17:51.308 ==========
INFO | 日志文件 | D:\Qt\project\opencv\build\Desktop_Qt_6_7_3_MSVC2019_64bit_Debug\debug\logs\app_20260722.log
INFO | 应用 | 图像处理工具 1.0.0
15:17:51.308 | INFO | 程序启动
15:17:51.849 | INFO | 主窗口已显示
15:18:01.536 | INFO | 打开单张图片 | C:/Users/Admin/Desktop/图片/input.png
15:18:01.597 | INFO | 清空处理链 | removed=0 reprocessAfter=否
15:18:01.598 | INFO | 加载图片 | path=C:/Users/Admin/Desktop/图片/input.png size=1066x1061 prev=(无) session=新建空会话 blocks=0 rois=0
15:18:03.281 | INFO | 添加ROI | type=rect center=(533,530.5) size=100x100 total=1
15:18:06.439 | INFO | 添加ROI | type=rect center=(533,530.5) size=100x100 total=2
15:18:09.553 | INFO | 添加ROI | type=rect center=(533,530.5) size=100x100 total=3
15:18:11.395 | INFO | 添加ROI | type=rect center=(533,530.5) size=100x100 total=4
15:18:12.510 | INFO | 添加ROI | type=rect center=(533,530.5) size=100x100 total=5
15:18:17.416 | INFO | 开始处理 | path=C:/Users/Admin/Desktop/图片/input.png blocks=1 enabled=1 rois=5 chain=[二值化处理]
15:18:17.447 | INFO | 执行处理块 | name=二值化处理 elapsed=30 ms rois=5
15:18:17.448 | INFO | 流水线结束 | total=31 ms steps=[二值化处理(30ms)]
15:18:17.448 | INFO | 处理完成 | elapsed=31 ms path=C:/Users/Admin/Desktop/图片/input.png result=1066x1061
15:18:17.487 | INFO | 添加处理块 | name=二值化处理 index=0
15:18:24.847 | INFO | 打开单张图片 | C:/Users/Admin/Desktop/图片/input.png
15:18:24.847 | INFO | 保存会话 | path=C:/Users/Admin/Desktop/图片/input.png blocks=1 rois=5
15:18:24.849 | INFO | 清空处理链 | removed=1 reprocessAfter=否
15:18:24.868 | INFO | 添加处理块 | name=二值化处理 index=0
15:18:24.869 | INFO | 恢复会话 | blocks=1 rois=5
15:18:24.869 | INFO | 开始处理 | path=C:/Users/Admin/Desktop/图片/input.png blocks=1 enabled=1 rois=5 chain=[二值化处理]
15:18:24.899 | INFO | 执行处理块 | name=二值化处理 elapsed=28 ms rois=5
15:18:24.899 | INFO | 流水线结束 | total=29 ms steps=[二值化处理(28ms)]
15:18:24.900 | INFO | 处理完成 | elapsed=29 ms path=C:/Users/Admin/Desktop/图片/input.png result=1066x1061
15:18:24.901 | INFO | 加载图片 | path=C:/Users/Admin/Desktop/图片/input.png size=1066x1061 prev=C:/Users/Admin/Desktop/图片/input.png session=恢复 blocks=1 rois=5
15:18:30.808 | INFO | 打开单张图片 | C:/Users/Admin/Desktop/图片/input.png
15:18:30.809 | INFO | 保存会话 | path=C:/Users/Admin/Desktop/图片/input.png blocks=1 rois=5
15:18:30.812 | INFO | 清空处理链 | removed=1 reprocessAfter=否
15:18:30.833 | INFO | 添加处理块 | name=二值化处理 index=0
15:18:30.834 | INFO | 恢复会话 | blocks=1 rois=5
15:18:30.834 | INFO | 开始处理 | path=C:/Users/Admin/Desktop/图片/input.png blocks=1 enabled=1 rois=5 chain=[二值化处理]
15:18:30.865 | INFO | 执行处理块 | name=二值化处理 elapsed=30 ms rois=5
15:18:30.867 | INFO | 流水线结束 | total=32 ms steps=[二值化处理(30ms)]
15:18:30.868 | INFO | 处理完成 | elapsed=32 ms path=C:/Users/Admin/Desktop/图片/input.png result=1066x1061
15:18:30.869 | INFO | 加载图片 | path=C:/Users/Admin/Desktop/图片/input.png size=1066x1061 prev=C:/Users/Admin/Desktop/图片/input.png session=恢复 blocks=1 rois=5
15:18:47.116 | INFO | 打开文件夹 | dir=C:/Users/Admin/Desktop/图片 count=4
15:18:47.348 | INFO | 保存会话 | path=C:/Users/Admin/Desktop/图片/input.png blocks=1 rois=5
15:18:47.351 | INFO | 清空处理链 | removed=1 reprocessAfter=否
15:18:47.367 | INFO | 添加处理块 | name=二值化处理 index=0
15:18:47.368 | INFO | 恢复会话 | blocks=1 rois=5
15:18:47.368 | INFO | 开始处理 | path=C:/Users/Admin/Desktop/图片/input.png blocks=1 enabled=1 rois=5 chain=[二值化处理]
15:18:47.394 | INFO | 执行处理块 | name=二值化处理 elapsed=24 ms rois=5
15:18:47.394 | INFO | 流水线结束 | total=25 ms steps=[二值化处理(24ms)]
15:18:47.395 | INFO | 处理完成 | elapsed=25 ms path=C:/Users/Admin/Desktop/图片/input.png result=1066x1061
15:18:47.395 | INFO | 加载图片 | path=C:/Users/Admin/Desktop/图片/input.png size=1066x1061 prev=C:/Users/Admin/Desktop/图片/input.png session=恢复 blocks=1 rois=5
15:18:48.945 | INFO | 保存会话 | path=C:/Users/Admin/Desktop/图片/input.png blocks=1 rois=5
15:18:48.947 | INFO | 清空处理链 | removed=1 reprocessAfter=否
15:18:48.948 | INFO | 加载图片 | path=C:/Users/Admin/Desktop/图片/result.png size=1066x1061 prev=C:/Users/Admin/Desktop/图片/input.png session=新建空会话 blocks=0 rois=0
15:18:49.609 | INFO | 保存会话 | path=C:/Users/Admin/Desktop/图片/result.png blocks=0 rois=0
15:18:49.611 | INFO | 清空处理链 | removed=0 reprocessAfter=否
15:18:49.611 | INFO | 加载图片 | path=C:/Users/Admin/Desktop/图片/result1.png size=1066x1061 prev=C:/Users/Admin/Desktop/图片/result.png session=新建空会话 blocks=0 rois=0
15:18:50.113 | INFO | 保存会话 | path=C:/Users/Admin/Desktop/图片/result1.png blocks=0 rois=0
15:18:50.114 | INFO | 清空处理链 | removed=0 reprocessAfter=否
15:18:50.114 | INFO | 恢复会话 | blocks=0 rois=0
15:18:50.114 | INFO | 加载图片 | path=C:/Users/Admin/Desktop/图片/result.png size=1066x1061 prev=C:/Users/Admin/Desktop/图片/result1.png session=恢复 blocks=0 rois=0
15:18:50.583 | INFO | 保存会话 | path=C:/Users/Admin/Desktop/图片/result.png blocks=0 rois=0
15:18:50.584 | INFO | 清空处理链 | removed=0 reprocessAfter=否
15:18:50.601 | INFO | 添加处理块 | name=二值化处理 index=0
15:18:50.601 | INFO | 恢复会话 | blocks=1 rois=5
15:18:50.602 | INFO | 开始处理 | path=C:/Users/Admin/Desktop/图片/input.png blocks=1 enabled=1 rois=5 chain=[二值化处理]
15:18:50.629 | INFO | 执行处理块 | name=二值化处理 elapsed=26 ms rois=5
15:18:50.629 | INFO | 流水线结束 | total=27 ms steps=[二值化处理(26ms)]
15:18:50.630 | INFO | 处理完成 | elapsed=27 ms path=C:/Users/Admin/Desktop/图片/input.png result=1066x1061
15:18:50.631 | INFO | 加载图片 | path=C:/Users/Admin/Desktop/图片/input.png size=1066x1061 prev=C:/Users/Admin/Desktop/图片/result.png session=恢复 blocks=1 rois=5
15:18:51.154 | INFO | 保存会话 | path=C:/Users/Admin/Desktop/图片/input.png blocks=1 rois=5
15:18:51.157 | INFO | 清空处理链 | removed=1 reprocessAfter=否
15:18:51.157 | INFO | 恢复会话 | blocks=0 rois=0
15:18:51.158 | INFO | 加载图片 | path=C:/Users/Admin/Desktop/图片/result.png size=1066x1061 prev=C:/Users/Admin/Desktop/图片/input.png session=恢复 blocks=0 rois=0
15:18:51.633 | INFO | 保存会话 | path=C:/Users/Admin/Desktop/图片/result.png blocks=0 rois=0
15:18:51.634 | INFO | 清空处理链 | removed=0 reprocessAfter=否
15:18:51.650 | INFO | 添加处理块 | name=二值化处理 index=0
15:18:51.651 | INFO | 恢复会话 | blocks=1 rois=5
15:18:51.651 | INFO | 开始处理 | path=C:/Users/Admin/Desktop/图片/input.png blocks=1 enabled=1 rois=5 chain=[二值化处理]
15:18:51.681 | INFO | 执行处理块 | name=二值化处理 elapsed=29 ms rois=5
15:18:51.682 | INFO | 流水线结束 | total=30 ms steps=[二值化处理(29ms)]
15:18:51.682 | INFO | 处理完成 | elapsed=30 ms path=C:/Users/Admin/Desktop/图片/input.png result=1066x1061
15:18:51.683 | INFO | 加载图片 | path=C:/Users/Admin/Desktop/图片/input.png size=1066x1061 prev=C:/Users/Admin/Desktop/图片/result.png session=恢复 blocks=1 rois=5
15:18:52.039 | INFO | 保存会话 | path=C:/Users/Admin/Desktop/图片/input.png blocks=1 rois=5
15:18:52.041 | INFO | 清空处理链 | removed=1 reprocessAfter=否
15:18:52.041 | INFO | 恢复会话 | blocks=0 rois=0
15:18:52.042 | INFO | 加载图片 | path=C:/Users/Admin/Desktop/图片/result.png size=1066x1061 prev=C:/Users/Admin/Desktop/图片/input.png session=恢复 blocks=0 rois=0
15:18:52.489 | INFO | 保存会话 | path=C:/Users/Admin/Desktop/图片/result.png blocks=0 rois=0
15:18:52.490 | INFO | 清空处理链 | removed=0 reprocessAfter=否
15:18:52.507 | INFO | 添加处理块 | name=二值化处理 index=0
15:18:52.507 | INFO | 恢复会话 | blocks=1 rois=5
15:18:52.508 | INFO | 开始处理 | path=C:/Users/Admin/Desktop/图片/input.png blocks=1 enabled=1 rois=5 chain=[二值化处理]
15:18:52.534 | INFO | 执行处理块 | name=二值化处理 elapsed=26 ms rois=5
15:18:52.534 | INFO | 流水线结束 | total=27 ms steps=[二值化处理(26ms)]
15:18:52.536 | INFO | 处理完成 | elapsed=27 ms path=C:/Users/Admin/Desktop/图片/input.png result=1066x1061
15:18:52.536 | INFO | 加载图片 | path=C:/Users/Admin/Desktop/图片/input.png size=1066x1061 prev=C:/Users/Admin/Desktop/图片/result.png session=恢复 blocks=1 rois=5
15:18:53.454 | INFO | 保存会话 | path=C:/Users/Admin/Desktop/图片/input.png blocks=1 rois=5
15:18:53.457 | INFO | 清空处理链 | removed=1 reprocessAfter=否
15:18:53.458 | INFO | 恢复会话 | blocks=0 rois=0
15:18:53.458 | INFO | 加载图片 | path=C:/Users/Admin/Desktop/图片/result.png size=1066x1061 prev=C:/Users/Admin/Desktop/图片/input.png session=恢复 blocks=0 rois=0
15:18:54.047 | INFO | 保存会话 | path=C:/Users/Admin/Desktop/图片/result.png blocks=0 rois=0
15:18:54.048 | INFO | 清空处理链 | removed=0 reprocessAfter=否
15:18:54.064 | INFO | 添加处理块 | name=二值化处理 index=0
15:18:54.064 | INFO | 恢复会话 | blocks=1 rois=5
15:18:54.064 | INFO | 开始处理 | path=C:/Users/Admin/Desktop/图片/input.png blocks=1 enabled=1 rois=5 chain=[二值化处理]
15:18:54.092 | INFO | 执行处理块 | name=二值化处理 elapsed=25 ms rois=5
15:18:54.092 | INFO | 流水线结束 | total=26 ms steps=[二值化处理(25ms)]
15:18:54.093 | INFO | 处理完成 | elapsed=26 ms path=C:/Users/Admin/Desktop/图片/input.png result=1066x1061
15:18:54.093 | INFO | 加载图片 | path=C:/Users/Admin/Desktop/图片/input.png size=1066x1061 prev=C:/Users/Admin/Desktop/图片/result.png session=恢复 blocks=1 rois=5
15:18:54.463 | INFO | 保存会话 | path=C:/Users/Admin/Desktop/图片/input.png blocks=1 rois=5
15:18:54.466 | INFO | 清空处理链 | removed=1 reprocessAfter=否
15:18:54.467 | INFO | 恢复会话 | blocks=0 rois=0
15:18:54.467 | INFO | 加载图片 | path=C:/Users/Admin/Desktop/图片/result.png size=1066x1061 prev=C:/Users/Admin/Desktop/图片/input.png session=恢复 blocks=0 rois=0
15:18:54.842 | INFO | 保存会话 | path=C:/Users/Admin/Desktop/图片/result.png blocks=0 rois=0
15:18:54.843 | INFO | 清空处理链 | removed=0 reprocessAfter=否
15:18:54.844 | INFO | 恢复会话 | blocks=0 rois=0
15:18:54.844 | INFO | 加载图片 | path=C:/Users/Admin/Desktop/图片/result1.png size=1066x1061 prev=C:/Users/Admin/Desktop/图片/result.png session=恢复 blocks=0 rois=0
15:18:55.230 | INFO | 保存会话 | path=C:/Users/Admin/Desktop/图片/result1.png blocks=0 rois=0
15:18:55.232 | INFO | 清空处理链 | removed=0 reprocessAfter=否
15:18:55.233 | INFO | 加载图片 | path=C:/Users/Admin/Desktop/图片/壁纸.png size=1672x942 prev=C:/Users/Admin/Desktop/图片/result1.png session=新建空会话 blocks=0 rois=0
15:18:56.057 | INFO | 保存会话 | path=C:/Users/Admin/Desktop/图片/壁纸.png blocks=0 rois=0
15:18:56.059 | INFO | 清空处理链 | removed=0 reprocessAfter=否
15:18:56.060 | INFO | 恢复会话 | blocks=0 rois=0
15:18:56.060 | INFO | 加载图片 | path=C:/Users/Admin/Desktop/图片/result1.png size=1066x1061 prev=C:/Users/Admin/Desktop/图片/壁纸.png session=恢复 blocks=0 rois=0
15:18:56.412 | INFO | 保存会话 | path=C:/Users/Admin/Desktop/图片/result1.png blocks=0 rois=0
15:18:56.413 | INFO | 清空处理链 | removed=0 reprocessAfter=否
15:18:56.413 | INFO | 恢复会话 | blocks=0 rois=0
15:18:56.414 | INFO | 加载图片 | path=C:/Users/Admin/Desktop/图片/result.png size=1066x1061 prev=C:/Users/Admin/Desktop/图片/result1.png session=恢复 blocks=0 rois=0
15:18:56.817 | INFO | 保存会话 | path=C:/Users/Admin/Desktop/图片/result.png blocks=0 rois=0
15:18:56.818 | INFO | 清空处理链 | removed=0 reprocessAfter=否
15:18:56.834 | INFO | 添加处理块 | name=二值化处理 index=0
15:18:56.834 | INFO | 恢复会话 | blocks=1 rois=5
15:18:56.835 | INFO | 开始处理 | path=C:/Users/Admin/Desktop/图片/input.png blocks=1 enabled=1 rois=5 chain=[二值化处理]
15:18:56.861 | INFO | 执行处理块 | name=二值化处理 elapsed=25 ms rois=5
15:18:56.861 | INFO | 流水线结束 | total=26 ms steps=[二值化处理(25ms)]
15:18:56.862 | INFO | 处理完成 | elapsed=26 ms path=C:/Users/Admin/Desktop/图片/input.png result=1066x1061
15:18:56.862 | INFO | 加载图片 | path=C:/Users/Admin/Desktop/图片/input.png size=1066x1061 prev=C:/Users/Admin/Desktop/图片/result.png session=恢复 blocks=1 rois=5
15:19:01.111 | INFO | 保存会话 | path=C:/Users/Admin/Desktop/图片/input.png blocks=1 rois=5
15:19:01.113 | INFO | 清空处理链 | removed=1 reprocessAfter=否
15:19:01.114 | INFO | 恢复会话 | blocks=0 rois=0
15:19:01.114 | INFO | 加载图片 | path=C:/Users/Admin/Desktop/图片/result.png size=1066x1061 prev=C:/Users/Admin/Desktop/图片/input.png session=恢复 blocks=0 rois=0
15:19:01.793 | INFO | 保存会话 | path=C:/Users/Admin/Desktop/图片/result.png blocks=0 rois=0
15:19:01.794 | INFO | 清空处理链 | removed=0 reprocessAfter=否
15:19:01.810 | INFO | 添加处理块 | name=二值化处理 index=0
15:19:01.811 | INFO | 恢复会话 | blocks=1 rois=5
15:19:01.811 | INFO | 开始处理 | path=C:/Users/Admin/Desktop/图片/input.png blocks=1 enabled=1 rois=5 chain=[二值化处理]
15:19:01.836 | INFO | 执行处理块 | name=二值化处理 elapsed=24 ms rois=5
15:19:01.837 | INFO | 流水线结束 | total=25 ms steps=[二值化处理(24ms)]
15:19:01.837 | INFO | 处理完成 | elapsed=25 ms path=C:/Users/Admin/Desktop/图片/input.png result=1066x1061
15:19:01.838 | INFO | 加载图片 | path=C:/Users/Admin/Desktop/图片/input.png size=1066x1061 prev=C:/Users/Admin/Desktop/图片/result.png session=恢复 blocks=1 rois=5
15:19:02.163 | INFO | 保存会话 | path=C:/Users/Admin/Desktop/图片/input.png blocks=1 rois=5
15:19:02.165 | INFO | 清空处理链 | removed=1 reprocessAfter=否
15:19:02.165 | INFO | 恢复会话 | blocks=0 rois=0
15:19:02.166 | INFO | 加载图片 | path=C:/Users/Admin/Desktop/图片/result.png size=1066x1061 prev=C:/Users/Admin/Desktop/图片/input.png session=恢复 blocks=0 rois=0
15:19:02.671 | INFO | 保存会话 | path=C:/Users/Admin/Desktop/图片/result.png blocks=0 rois=0
15:19:02.672 | INFO | 清空处理链 | removed=0 reprocessAfter=否
15:19:02.688 | INFO | 添加处理块 | name=二值化处理 index=0
15:19:02.689 | INFO | 恢复会话 | blocks=1 rois=5
15:19:02.690 | INFO | 开始处理 | path=C:/Users/Admin/Desktop/图片/input.png blocks=1 enabled=1 rois=5 chain=[二值化处理]
15:19:02.716 | INFO | 执行处理块 | name=二值化处理 elapsed=25 ms rois=5
15:19:02.717 | INFO | 流水线结束 | total=26 ms steps=[二值化处理(25ms)]
15:19:02.717 | INFO | 处理完成 | elapsed=26 ms path=C:/Users/Admin/Desktop/图片/input.png result=1066x1061
15:19:02.718 | INFO | 加载图片 | path=C:/Users/Admin/Desktop/图片/input.png size=1066x1061 prev=C:/Users/Admin/Desktop/图片/result.png session=恢复 blocks=1 rois=5
15:19:09.483 | INFO | 打开单张图片 | C:/Users/Admin/Desktop/图片/壁纸.png
15:19:09.577 | INFO | 保存会话 | path=C:/Users/Admin/Desktop/图片/input.png blocks=1 rois=5
15:19:09.580 | INFO | 清空处理链 | removed=1 reprocessAfter=否
15:19:09.580 | INFO | 恢复会话 | blocks=0 rois=0
15:19:09.581 | INFO | 加载图片 | path=C:/Users/Admin/Desktop/图片/壁纸.png size=1672x942 prev=C:/Users/Admin/Desktop/图片/input.png session=恢复 blocks=0 rois=0
15:19:12.499 | INFO | 打开单张图片 | C:/Users/Admin/Desktop/图片/input.png
15:19:12.551 | INFO | 保存会话 | path=C:/Users/Admin/Desktop/图片/壁纸.png blocks=0 rois=0
15:19:12.554 | INFO | 清空处理链 | removed=0 reprocessAfter=否
15:19:12.570 | INFO | 添加处理块 | name=二值化处理 index=0
15:19:12.571 | INFO | 恢复会话 | blocks=1 rois=5
15:19:12.571 | INFO | 开始处理 | path=C:/Users/Admin/Desktop/图片/input.png blocks=1 enabled=1 rois=5 chain=[二值化处理]
15:19:12.598 | INFO | 执行处理块 | name=二值化处理 elapsed=26 ms rois=5
15:19:12.600 | INFO | 流水线结束 | total=27 ms steps=[二值化处理(26ms)]
15:19:12.601 | INFO | 处理完成 | elapsed=27 ms path=C:/Users/Admin/Desktop/图片/input.png result=1066x1061
15:19:12.601 | INFO | 加载图片 | path=C:/Users/Admin/Desktop/图片/input.png size=1066x1061 prev=C:/Users/Admin/Desktop/图片/壁纸.png session=恢复 blocks=1 rois=5
15:19:22.166 | INFO | 程序退出
========== 会话开始 2026-07-22 15:37:10.526 ==========
INFO | 日志文件 | D:\Qt\project\opencv\build\Desktop_Qt_6_7_3_MSVC2019_64bit_Debug\debug\logs\app_20260722.log
INFO | 应用 | 图像处理工具 1.0.0
15:37:10.527 | INFO | 程序启动
15:37:11.095 | INFO | 主窗口已显示
15:37:12.895 | INFO | 添加处理块 | name=灰度变换 index=0
15:37:15.918 | INFO | 添加处理块 | name=滤波处理 index=1
15:37:17.388 | INFO | 添加处理块 | name=形态学处理 index=2
15:37:19.736 | INFO | 添加处理块 | name=伪彩色处理 index=3
15:37:20.722 | INFO | 删除处理块 | name=伪彩色处理 remain=3
15:37:27.221 | INFO | 程序退出
========== 会话开始 2026-07-22 15:53:20.359 ==========
INFO | 日志文件 | D:\Qt\project\opencv\build\Desktop_Qt_6_7_3_MSVC2019_64bit_Debug\debug\logs\app_20260722.log
INFO | 应用 | 图像处理工具 1.0.0
15:53:20.362 | INFO | 程序启动
15:53:21.048 | INFO | 主窗口已显示
15:53:30.451 | INFO | 撤销快照 | reason=添加处理块 depth=1
15:53:30.517 | INFO | 添加处理块 | name=灰度共生矩阵 index=0
15:53:43.552 | INFO | 撤销快照 | reason=删除处理块 depth=2
15:53:43.554 | INFO | 删除处理块 | name=灰度共生矩阵 remain=0
15:53:47.752 | INFO | 撤销快照 | reason=添加处理块 depth=3
15:53:47.782 | INFO | 添加处理块 | name=灰度变换 index=0
15:53:58.614 | INFO | 撤销快照 | reason=删除处理块 depth=4
15:53:58.615 | INFO | 删除处理块 | name=灰度变换 remain=0
15:54:06.032 | INFO | 打开单张图片 | C:/Users/Admin/Desktop/图片/input.png
15:54:06.093 | INFO | 清空处理链 | removed=0 reprocessAfter=否
15:54:06.095 | INFO | 加载图片 | path=C:/Users/Admin/Desktop/图片/input.png size=1066x1061 prev=(无) session=新建空会话 blocks=0 rois=0
15:54:07.515 | INFO | 撤销快照 | reason=添加处理块 depth=1
15:54:07.515 | INFO | 开始处理 | path=C:/Users/Admin/Desktop/图片/input.png blocks=1 enabled=1 rois=0 chain=[灰度共生矩阵]
15:54:07.658 | INFO | 执行处理块 | name=灰度共生矩阵 elapsed=141 ms rois=0
15:54:07.658 | INFO | 流水线结束 | total=142 ms steps=[灰度共生矩阵(141ms)]
15:54:07.659 | INFO | 处理完成 | elapsed=142 ms path=C:/Users/Admin/Desktop/图片/input.png result=1066x1061
15:54:07.690 | INFO | 添加处理块 | name=灰度共生矩阵 index=0
15:54:16.051 | INFO | 程序退出
15:54:16.052 | INFO | 保存会话 | path=C:/Users/Admin/Desktop/图片/input.png blocks=1 rois=0
15:54:16.055 | INFO | 会话已落盘 | path=D:/Qt/project/opencv/build/Desktop_Qt_6_7_3_MSVC2019_64bit_Debug/debug/sessions/app_sessions.json count=1
15:54:16.056 | INFO | 会话已落盘 | path=D:/Qt/project/opencv/build/Desktop_Qt_6_7_3_MSVC2019_64bit_Debug/debug/sessions/app_sessions.json count=1
========== 会话开始 2026-07-22 15:54:17.877 ==========
INFO | 日志文件 | D:\Qt\project\opencv\build\Desktop_Qt_6_7_3_MSVC2019_64bit_Debug\debug\logs\app_20260722.log
INFO | 应用 | 图像处理工具 1.0.0
15:54:17.878 | INFO | 程序启动
15:54:17.949 | INFO | 会话已加载 | path=D:/Qt/project/opencv/build/Desktop_Qt_6_7_3_MSVC2019_64bit_Debug/debug/sessions/app_sessions.json count=1
15:54:18.413 | INFO | 主窗口已显示
15:54:26.685 | INFO | 打开单张图片 | C:/Users/Admin/Desktop/图片/input.png
15:54:26.749 | INFO | 清空处理链 | removed=0 reprocessAfter=否
15:54:26.831 | INFO | 添加处理块 | name=灰度共生矩阵 index=0
15:54:26.835 | INFO | 恢复会话 | blocks=1 rois=0
15:54:26.835 | INFO | 开始处理 | path=C:/Users/Admin/Desktop/图片/input.png blocks=1 enabled=1 rois=0 chain=[灰度共生矩阵]
15:54:26.932 | INFO | 执行处理块 | name=灰度共生矩阵 elapsed=95 ms rois=0
15:54:26.932 | INFO | 流水线结束 | total=96 ms steps=[灰度共生矩阵(95ms)]
15:54:26.933 | INFO | 处理完成 | elapsed=96 ms path=C:/Users/Admin/Desktop/图片/input.png result=1066x1061
15:54:26.934 | INFO | 加载图片 | path=C:/Users/Admin/Desktop/图片/input.png size=1066x1061 prev=(无) session=恢复 blocks=1 rois=0
15:54:32.552 | INFO | 撤销快照 | reason=删除处理块 depth=1
15:54:32.553 | INFO | 应用处理 | 空链，显示原图 path=C:/Users/Admin/Desktop/图片/input.png
15:54:32.554 | INFO | 删除处理块 | name=灰度共生矩阵 remain=0
15:54:34.804 | INFO | 撤销快照 | reason=添加处理块 depth=2
15:54:34.804 | INFO | 开始处理 | path=C:/Users/Admin/Desktop/图片/input.png blocks=1 enabled=1 rois=0 chain=[二值化处理]
15:54:34.833 | INFO | 执行处理块 | name=二值化处理 elapsed=27 ms rois=0
15:54:34.834 | INFO | 流水线结束 | total=28 ms steps=[二值化处理(27ms)]
15:54:34.834 | INFO | 处理完成 | elapsed=28 ms path=C:/Users/Admin/Desktop/图片/input.png result=1066x1061
15:54:34.846 | INFO | 添加处理块 | name=二值化处理 index=0
15:54:38.128 | INFO | 撤销快照 | reason=删除处理块 depth=3
15:54:38.129 | INFO | 应用处理 | 空链，显示原图 path=C:/Users/Admin/Desktop/图片/input.png
15:54:38.131 | INFO | 删除处理块 | name=二值化处理 remain=0
15:54:39.081 | INFO | 撤销快照 | reason=添加处理块 depth=4
15:54:39.081 | INFO | 开始处理 | path=C:/Users/Admin/Desktop/图片/input.png blocks=1 enabled=1 rois=0 chain=[形态学处理]
15:54:39.123 | INFO | 执行处理块 | name=形态学处理 elapsed=40 ms rois=0
15:54:39.124 | INFO | 流水线结束 | total=41 ms steps=[形态学处理(40ms)]
15:54:39.124 | INFO | 处理完成 | elapsed=41 ms path=C:/Users/Admin/Desktop/图片/input.png result=1066x1061
15:54:39.149 | INFO | 添加处理块 | name=形态学处理 index=0
15:54:40.341 | INFO | 撤销快照 | reason=添加处理块 depth=5
15:54:40.341 | INFO | 开始处理 | path=C:/Users/Admin/Desktop/图片/input.png blocks=2 enabled=2 rois=0 chain=[形态学处理 -> 滤波处理]
15:54:40.361 | INFO | 执行处理块 | name=形态学处理 elapsed=18 ms rois=0
15:54:40.405 | INFO | 执行处理块 | name=滤波处理 elapsed=42 ms rois=0
15:54:40.405 | INFO | 流水线结束 | total=63 ms steps=[形态学处理(18ms) -> 滤波处理(42ms)]
15:54:40.407 | INFO | 处理完成 | elapsed=63 ms path=C:/Users/Admin/Desktop/图片/input.png result=1066x1061
15:54:40.432 | INFO | 添加处理块 | name=滤波处理 index=1
15:54:41.509 | INFO | 撤销快照 | reason=添加处理块 depth=6
15:54:41.510 | INFO | 开始处理 | path=C:/Users/Admin/Desktop/图片/input.png blocks=3 enabled=3 rois=0 chain=[形态学处理 -> 滤波处理 -> 灰度变换]
15:54:41.530 | INFO | 执行处理块 | name=形态学处理 elapsed=19 ms rois=0
15:54:41.571 | INFO | 执行处理块 | name=滤波处理 elapsed=38 ms rois=0
15:54:41.593 | INFO | 执行处理块 | name=灰度变换 elapsed=20 ms rois=0
15:54:41.593 | INFO | 流水线结束 | total=82 ms steps=[形态学处理(19ms) -> 滤波处理(38ms) -> 灰度变换(20ms)]
15:54:41.594 | INFO | 处理完成 | elapsed=82 ms path=C:/Users/Admin/Desktop/图片/input.png result=1066x1061
15:54:41.619 | INFO | 添加处理块 | name=灰度变换 index=2
15:54:42.757 | INFO | 撤销快照 | reason=添加处理块 depth=7
15:54:42.758 | INFO | 开始处理 | path=C:/Users/Admin/Desktop/图片/input.png blocks=4 enabled=4 rois=0 chain=[形态学处理 -> 滤波处理 -> 灰度变换 -> 伪彩色处理]
15:54:42.777 | INFO | 执行处理块 | name=形态学处理 elapsed=17 ms rois=0
15:54:42.813 | INFO | 执行处理块 | name=滤波处理 elapsed=36 ms rois=0
15:54:42.835 | INFO | 执行处理块 | name=灰度变换 elapsed=20 ms rois=0
15:54:42.872 | INFO | 执行处理块 | name=伪彩色处理 elapsed=33 ms rois=0
15:54:42.873 | INFO | 流水线结束 | total=114 ms steps=[形态学处理(17ms) -> 滤波处理(36ms) -> 灰度变换(20ms) -> 伪彩色处理(33ms)]
15:54:42.875 | INFO | 处理完成 | elapsed=114 ms path=C:/Users/Admin/Desktop/图片/input.png result=1066x1061
15:54:42.900 | INFO | 添加处理块 | name=伪彩色处理 index=3
15:54:44.376 | INFO | 撤销快照 | reason=删除处理块 depth=8
15:54:44.376 | INFO | 开始处理 | path=C:/Users/Admin/Desktop/图片/input.png blocks=3 enabled=3 rois=0 chain=[滤波处理 -> 灰度变换 -> 伪彩色处理]
15:54:44.414 | INFO | 执行处理块 | name=滤波处理 elapsed=35 ms rois=0
15:54:44.435 | INFO | 执行处理块 | name=灰度变换 elapsed=20 ms rois=0
15:54:44.459 | INFO | 执行处理块 | name=伪彩色处理 elapsed=23 ms rois=0
15:54:44.460 | INFO | 流水线结束 | total=82 ms steps=[滤波处理(35ms) -> 灰度变换(20ms) -> 伪彩色处理(23ms)]
15:54:44.461 | INFO | 处理完成 | elapsed=82 ms path=C:/Users/Admin/Desktop/图片/input.png result=1066x1061
15:54:44.462 | INFO | 删除处理块 | name=形态学处理 remain=3
15:54:45.076 | INFO | 撤销快照 | reason=删除处理块 depth=9
15:54:45.077 | INFO | 开始处理 | path=C:/Users/Admin/Desktop/图片/input.png blocks=2 enabled=2 rois=0 chain=[灰度变换 -> 伪彩色处理]
15:54:45.096 | INFO | 执行处理块 | name=灰度变换 elapsed=18 ms rois=0
15:54:45.118 | INFO | 执行处理块 | name=伪彩色处理 elapsed=20 ms rois=0
15:54:45.119 | INFO | 流水线结束 | total=41 ms steps=[灰度变换(18ms) -> 伪彩色处理(20ms)]
15:54:45.120 | INFO | 处理完成 | elapsed=41 ms path=C:/Users/Admin/Desktop/图片/input.png result=1066x1061
15:54:45.120 | INFO | 删除处理块 | name=滤波处理 remain=2
15:54:45.543 | INFO | 撤销快照 | reason=删除处理块 depth=10
15:54:45.543 | INFO | 开始处理 | path=C:/Users/Admin/Desktop/图片/input.png blocks=1 enabled=1 rois=0 chain=[伪彩色处理]
15:54:45.564 | INFO | 执行处理块 | name=伪彩色处理 elapsed=19 ms rois=0
15:54:45.564 | INFO | 流水线结束 | total=20 ms steps=[伪彩色处理(19ms)]
15:54:45.566 | INFO | 处理完成 | elapsed=20 ms path=C:/Users/Admin/Desktop/图片/input.png result=1066x1061
15:54:45.566 | INFO | 删除处理块 | name=灰度变换 remain=1
15:54:46.562 | INFO | 撤销快照 | reason=删除处理块 depth=11
15:54:46.563 | INFO | 应用处理 | 空链，显示原图 path=C:/Users/Admin/Desktop/图片/input.png
15:54:46.564 | INFO | 删除处理块 | name=伪彩色处理 remain=0
15:57:42.143 | INFO | 程序退出
15:57:42.145 | INFO | 保存会话 | path=C:/Users/Admin/Desktop/图片/input.png blocks=0 rois=0
15:57:42.146 | INFO | 会话已落盘 | path=D:/Qt/project/opencv/build/Desktop_Qt_6_7_3_MSVC2019_64bit_Debug/debug/sessions/app_sessions.json count=1
15:57:42.147 | INFO | 会话已落盘 | path=D:/Qt/project/opencv/build/Desktop_Qt_6_7_3_MSVC2019_64bit_Debug/debug/sessions/app_sessions.json count=1
========== 会话开始 2026-07-22 16:02:38.827 ==========
INFO | 日志文件 | D:\Qt\project\opencv\build\Desktop_Qt_6_7_3_MSVC2019_64bit_Debug\debug\logs\app_20260722.log
INFO | 应用 | 图像处理工具 1.0.0
16:02:38.828 | INFO | 程序启动
16:02:38.894 | INFO | 会话已加载 | path=D:/Qt/project/opencv/build/Desktop_Qt_6_7_3_MSVC2019_64bit_Debug/debug/sessions/app_sessions.json count=1
16:02:39.355 | INFO | 主窗口已显示
16:02:55.786 | INFO | 打开单张图片 | C:/Users/Admin/Desktop/图片/input.png
16:02:55.852 | INFO | 清空处理链 | removed=0 reprocessAfter=否
16:02:55.853 | INFO | 恢复会话 | blocks=0 rois=0
16:02:55.853 | INFO | 加载图片 | path=C:/Users/Admin/Desktop/图片/input.png size=1066x1061 prev=(无) session=恢复 blocks=0 rois=0
16:02:58.443 | INFO | 撤销快照 | reason=添加处理块 depth=1
16:02:58.444 | INFO | 开始处理 | path=C:/Users/Admin/Desktop/图片/input.png blocks=1 enabled=1 rois=0 chain=[二值化处理]
16:02:58.475 | INFO | 执行处理块 | name=二值化处理 elapsed=30 ms rois=0
16:02:58.475 | INFO | 流水线结束 | total=31 ms steps=[二值化处理(30ms)]
16:02:58.476 | INFO | 处理完成 | elapsed=31 ms path=C:/Users/Admin/Desktop/图片/input.png result=1066x1061
16:02:58.508 | INFO | 添加处理块 | name=二值化处理 index=0
16:03:03.219 | INFO | 撤销快照 | reason=添加矩形ROI depth=2
16:03:03.219 | INFO | 添加ROI | type=rect center=(533,530.5) size=100x100 total=1
16:03:03.283 | INFO | 开始处理 | path=C:/Users/Admin/Desktop/图片/input.png blocks=1 enabled=1 rois=1 chain=[二值化处理]
16:03:03.314 | INFO | 执行处理块 | name=二值化处理 elapsed=30 ms rois=1
16:03:03.315 | INFO | 流水线结束 | total=31 ms steps=[二值化处理(30ms)]
16:03:03.316 | INFO | 处理完成 | elapsed=31 ms path=C:/Users/Admin/Desktop/图片/input.png result=1066x1061
16:03:04.489 | INFO | 开始处理 | path=C:/Users/Admin/Desktop/图片/input.png blocks=1 enabled=1 rois=1 chain=[二值化处理]
16:03:04.518 | INFO | 执行处理块 | name=二值化处理 elapsed=28 ms rois=1
16:03:04.519 | INFO | 流水线结束 | total=29 ms steps=[二值化处理(28ms)]
16:03:04.520 | INFO | 处理完成 | elapsed=29 ms path=C:/Users/Admin/Desktop/图片/input.png result=1066x1061
16:03:07.801 | INFO | 清空处理链 | removed=1 reprocessAfter=否
16:03:07.816 | INFO | 添加处理块 | name=二值化处理 index=0
16:03:07.817 | INFO | 恢复会话 | blocks=1 rois=0
16:03:07.818 | INFO | 开始处理 | path=C:/Users/Admin/Desktop/图片/input.png blocks=1 enabled=1 rois=0 chain=[二值化处理]
16:03:07.839 | INFO | 执行处理块 | name=二值化处理 elapsed=21 ms rois=0
16:03:07.840 | INFO | 流水线结束 | total=22 ms steps=[二值化处理(21ms)]
16:03:07.841 | INFO | 处理完成 | elapsed=22 ms path=C:/Users/Admin/Desktop/图片/input.png result=1066x1061
16:03:07.841 | INFO | 撤销 | remain=1 blocks=1 rois=0
16:03:09.471 | INFO | 清空处理链 | removed=1 reprocessAfter=否
16:03:09.471 | INFO | 恢复会话 | blocks=0 rois=0
16:03:09.472 | INFO | 撤销 | remain=0 blocks=0 rois=0
16:03:11.252 | INFO | 撤销 | 栈空
16:03:13.165 | INFO | 撤销 | 栈空
16:03:18.097 | INFO | 撤销快照 | reason=添加处理块 depth=1
16:03:18.098 | INFO | 开始处理 | path=C:/Users/Admin/Desktop/图片/input.png blocks=1 enabled=1 rois=0 chain=[二值化处理]
16:03:18.119 | INFO | 执行处理块 | name=二值化处理 elapsed=20 ms rois=0
16:03:18.120 | INFO | 流水线结束 | total=21 ms steps=[二值化处理(20ms)]
16:03:18.121 | INFO | 处理完成 | elapsed=21 ms path=C:/Users/Admin/Desktop/图片/input.png result=1066x1061
16:03:18.132 | INFO | 添加处理块 | name=二值化处理 index=0
16:03:21.121 | INFO | 撤销快照 | reason=删除处理块 depth=2
16:03:21.122 | INFO | 应用处理 | 空链，显示原图 path=C:/Users/Admin/Desktop/图片/input.png
16:03:21.123 | INFO | 删除处理块 | name=二值化处理 remain=0
16:03:22.209 | INFO | 撤销快照 | reason=添加处理块 depth=3
16:03:22.210 | INFO | 开始处理 | path=C:/Users/Admin/Desktop/图片/input.png blocks=1 enabled=1 rois=0 chain=[二值化处理]
16:03:22.233 | INFO | 执行处理块 | name=二值化处理 elapsed=21 ms rois=0
16:03:22.234 | INFO | 流水线结束 | total=23 ms steps=[二值化处理(21ms)]
16:03:22.235 | INFO | 处理完成 | elapsed=23 ms path=C:/Users/Admin/Desktop/图片/input.png result=1066x1061
16:03:22.244 | INFO | 添加处理块 | name=二值化处理 index=0
16:03:24.674 | INFO | 清空处理链 | removed=1 reprocessAfter=否
16:03:24.675 | INFO | 恢复会话 | blocks=0 rois=0
16:03:24.675 | INFO | 撤销 | remain=2 blocks=0 rois=0
16:03:52.943 | INFO | 撤销快照 | reason=添加处理块 depth=3
16:03:52.943 | INFO | 开始处理 | path=C:/Users/Admin/Desktop/图片/input.png blocks=1 enabled=1 rois=0 chain=[形态学处理]
16:03:52.965 | INFO | 执行处理块 | name=形态学处理 elapsed=20 ms rois=0
16:03:52.965 | INFO | 流水线结束 | total=21 ms steps=[形态学处理(20ms)]
16:03:52.966 | INFO | 处理完成 | elapsed=21 ms path=C:/Users/Admin/Desktop/图片/input.png result=1066x1061
16:03:52.991 | INFO | 添加处理块 | name=形态学处理 index=0
16:03:54.870 | INFO | 撤销快照 | reason=删除处理块 depth=4
16:03:54.871 | INFO | 应用处理 | 空链，显示原图 path=C:/Users/Admin/Desktop/图片/input.png
16:03:54.871 | INFO | 删除处理块 | name=形态学处理 remain=0
16:04:15.276 | INFO | 撤销快照 | reason=添加处理块 depth=5
16:04:15.277 | INFO | 开始处理 | path=C:/Users/Admin/Desktop/图片/input.png blocks=1 enabled=1 rois=0 chain=[二值化处理]
16:04:15.301 | INFO | 执行处理块 | name=二值化处理 elapsed=23 ms rois=0
16:04:15.302 | INFO | 流水线结束 | total=24 ms steps=[二值化处理(23ms)]
16:04:15.303 | INFO | 处理完成 | elapsed=24 ms path=C:/Users/Admin/Desktop/图片/input.png result=1066x1061
16:04:15.312 | INFO | 添加处理块 | name=二值化处理 index=0
16:04:16.360 | INFO | 撤销快照 | reason=删除处理块 depth=6
16:04:16.361 | INFO | 应用处理 | 空链，显示原图 path=C:/Users/Admin/Desktop/图片/input.png
16:04:16.361 | INFO | 删除处理块 | name=二值化处理 remain=0
16:04:17.687 | INFO | 撤销快照 | reason=添加处理块 depth=7
16:04:17.689 | INFO | 开始处理 | path=C:/Users/Admin/Desktop/图片/input.png blocks=1 enabled=1 rois=0 chain=[二值化处理]
16:04:17.711 | INFO | 执行处理块 | name=二值化处理 elapsed=21 ms rois=0
16:04:17.713 | INFO | 流水线结束 | total=23 ms steps=[二值化处理(21ms)]
16:04:17.714 | INFO | 处理完成 | elapsed=23 ms path=C:/Users/Admin/Desktop/图片/input.png result=1066x1061
16:04:17.724 | INFO | 添加处理块 | name=二值化处理 index=0
16:04:19.078 | INFO | 撤销快照 | reason=删除处理块 depth=8
16:04:19.079 | INFO | 应用处理 | 空链，显示原图 path=C:/Users/Admin/Desktop/图片/input.png
16:04:19.080 | INFO | 删除处理块 | name=二值化处理 remain=0
16:04:20.062 | INFO | 撤销快照 | reason=添加处理块 depth=9
16:04:20.063 | INFO | 开始处理 | path=C:/Users/Admin/Desktop/图片/input.png blocks=1 enabled=1 rois=0 chain=[形态学处理]
16:04:20.082 | INFO | 执行处理块 | name=形态学处理 elapsed=18 ms rois=0
16:04:20.085 | INFO | 流水线结束 | total=20 ms steps=[形态学处理(18ms)]
16:04:20.085 | INFO | 处理完成 | elapsed=20 ms path=C:/Users/Admin/Desktop/图片/input.png result=1066x1061
16:04:20.109 | INFO | 添加处理块 | name=形态学处理 index=0
16:04:21.240 | INFO | 撤销快照 | reason=删除处理块 depth=10
16:04:21.240 | INFO | 应用处理 | 空链，显示原图 path=C:/Users/Admin/Desktop/图片/input.png
16:04:21.242 | INFO | 删除处理块 | name=形态学处理 remain=0
16:04:29.586 | INFO | 撤销快照 | reason=添加处理块 depth=11
16:04:29.587 | INFO | 开始处理 | path=C:/Users/Admin/Desktop/图片/input.png blocks=1 enabled=1 rois=0 chain=[形态学处理]
16:04:29.609 | INFO | 执行处理块 | name=形态学处理 elapsed=20 ms rois=0
16:04:29.611 | INFO | 流水线结束 | total=23 ms steps=[形态学处理(20ms)]
16:04:29.612 | INFO | 处理完成 | elapsed=23 ms path=C:/Users/Admin/Desktop/图片/input.png result=1066x1061
16:04:29.636 | INFO | 添加处理块 | name=形态学处理 index=0
16:04:30.288 | INFO | 撤销快照 | reason=添加处理块 depth=12
16:04:30.289 | INFO | 开始处理 | path=C:/Users/Admin/Desktop/图片/input.png blocks=2 enabled=2 rois=0 chain=[形态学处理 -> 滤波处理]
16:04:30.311 | INFO | 执行处理块 | name=形态学处理 elapsed=19 ms rois=0
16:04:30.350 | INFO | 执行处理块 | name=滤波处理 elapsed=38 ms rois=0
16:04:30.351 | INFO | 流水线结束 | total=61 ms steps=[形态学处理(19ms) -> 滤波处理(38ms)]
16:04:30.352 | INFO | 处理完成 | elapsed=61 ms path=C:/Users/Admin/Desktop/图片/input.png result=1066x1061
16:04:30.376 | INFO | 添加处理块 | name=滤波处理 index=1
16:04:33.023 | INFO | 撤销快照 | reason=清空处理链 depth=13
16:04:33.024 | INFO | 清空处理链 | removed=2 reprocessAfter=是
16:04:59.969 | INFO | 撤销快照 | reason=添加处理块 depth=14
16:04:59.969 | INFO | 开始处理 | path=C:/Users/Admin/Desktop/图片/input.png blocks=1 enabled=1 rois=0 chain=[伪彩色处理]
16:04:59.993 | INFO | 执行处理块 | name=伪彩色处理 elapsed=23 ms rois=0
16:04:59.995 | INFO | 流水线结束 | total=24 ms steps=[伪彩色处理(23ms)]
16:04:59.996 | INFO | 处理完成 | elapsed=24 ms path=C:/Users/Admin/Desktop/图片/input.png result=1066x1061
16:05:00.016 | INFO | 添加处理块 | name=伪彩色处理 index=0
16:05:01.295 | INFO | 撤销快照 | reason=添加处理块 depth=15
16:05:01.296 | INFO | 开始处理 | path=C:/Users/Admin/Desktop/图片/input.png blocks=2 enabled=2 rois=0 chain=[伪彩色处理 -> 灰度变换]
16:05:01.317 | INFO | 执行处理块 | name=伪彩色处理 elapsed=20 ms rois=0
16:05:01.337 | INFO | 执行处理块 | name=灰度变换 elapsed=18 ms rois=0
16:05:01.337 | INFO | 流水线结束 | total=41 ms steps=[伪彩色处理(20ms) -> 灰度变换(18ms)]
16:05:01.339 | INFO | 处理完成 | elapsed=41 ms path=C:/Users/Admin/Desktop/图片/input.png result=1066x1061
16:05:01.363 | INFO | 添加处理块 | name=灰度变换 index=1
16:05:05.489 | INFO | 撤销快照 | reason=删除处理块 depth=16
16:05:05.489 | INFO | 开始处理 | path=C:/Users/Admin/Desktop/图片/input.png blocks=1 enabled=1 rois=0 chain=[灰度变换]
16:05:05.509 | INFO | 执行处理块 | name=灰度变换 elapsed=19 ms rois=0
16:05:05.509 | INFO | 流水线结束 | total=20 ms steps=[灰度变换(19ms)]
16:05:05.512 | INFO | 处理完成 | elapsed=20 ms path=C:/Users/Admin/Desktop/图片/input.png result=1066x1061
16:05:05.512 | INFO | 删除处理块 | name=伪彩色处理 remain=1
16:05:05.794 | INFO | 撤销快照 | reason=删除处理块 depth=17
16:05:05.794 | INFO | 应用处理 | 空链，显示原图 path=C:/Users/Admin/Desktop/图片/input.png
16:05:05.797 | INFO | 删除处理块 | name=灰度变换 remain=0
16:06:37.505 | INFO | 清空处理链 | removed=0 reprocessAfter=否
16:06:37.541 | INFO | 添加处理块 | name=灰度变换 index=0
16:06:37.542 | INFO | 恢复会话 | blocks=1 rois=0
16:06:37.542 | INFO | 开始处理 | path=C:/Users/Admin/Desktop/图片/input.png blocks=1 enabled=1 rois=0 chain=[灰度变换]
16:06:37.563 | INFO | 执行处理块 | name=灰度变换 elapsed=19 ms rois=0
16:06:37.564 | INFO | 流水线结束 | total=21 ms steps=[灰度变换(19ms)]
16:06:37.565 | INFO | 处理完成 | elapsed=21 ms path=C:/Users/Admin/Desktop/图片/input.png result=1066x1061
16:06:37.565 | INFO | 撤销 | remain=16 blocks=1 rois=0
16:06:39.920 | INFO | 撤销快照 | reason=删除处理块 depth=17
16:06:39.920 | INFO | 应用处理 | 空链，显示原图 path=C:/Users/Admin/Desktop/图片/input.png
16:06:39.921 | INFO | 删除处理块 | name=灰度变换 remain=0
16:06:41.907 | INFO | 清空处理链 | removed=0 reprocessAfter=否
16:06:41.942 | INFO | 添加处理块 | name=灰度变换 index=0
16:06:41.943 | INFO | 恢复会话 | blocks=1 rois=0
16:06:41.943 | INFO | 开始处理 | path=C:/Users/Admin/Desktop/图片/input.png blocks=1 enabled=1 rois=0 chain=[灰度变换]
16:06:41.963 | INFO | 执行处理块 | name=灰度变换 elapsed=19 ms rois=0
16:06:41.966 | INFO | 流水线结束 | total=20 ms steps=[灰度变换(19ms)]
16:06:41.966 | INFO | 处理完成 | elapsed=20 ms path=C:/Users/Admin/Desktop/图片/input.png result=1066x1061
16:06:41.967 | INFO | 撤销 | remain=16 blocks=1 rois=0
16:06:44.567 | INFO | 清空处理链 | removed=1 reprocessAfter=否
16:06:44.594 | INFO | 添加处理块 | name=伪彩色处理 index=0
16:06:44.629 | INFO | 添加处理块 | name=灰度变换 index=1
16:06:44.630 | INFO | 恢复会话 | blocks=2 rois=0
16:06:44.631 | INFO | 开始处理 | path=C:/Users/Admin/Desktop/图片/input.png blocks=2 enabled=2 rois=0 chain=[伪彩色处理 -> 灰度变换]
16:06:44.653 | INFO | 执行处理块 | name=伪彩色处理 elapsed=21 ms rois=0
16:06:44.674 | INFO | 执行处理块 | name=灰度变换 elapsed=19 ms rois=0
16:06:44.674 | INFO | 流水线结束 | total=43 ms steps=[伪彩色处理(21ms) -> 灰度变换(19ms)]
16:06:44.675 | INFO | 处理完成 | elapsed=43 ms path=C:/Users/Admin/Desktop/图片/input.png result=1066x1061
16:06:44.676 | INFO | 撤销 | remain=15 blocks=2 rois=0
16:06:46.303 | INFO | 清空处理链 | removed=2 reprocessAfter=否
16:06:46.329 | INFO | 添加处理块 | name=伪彩色处理 index=0
16:06:46.330 | INFO | 恢复会话 | blocks=1 rois=0
16:06:46.330 | INFO | 开始处理 | path=C:/Users/Admin/Desktop/图片/input.png blocks=1 enabled=1 rois=0 chain=[伪彩色处理]
16:06:46.353 | INFO | 执行处理块 | name=伪彩色处理 elapsed=21 ms rois=0
16:06:46.354 | INFO | 流水线结束 | total=22 ms steps=[伪彩色处理(21ms)]
16:06:46.355 | INFO | 处理完成 | elapsed=22 ms path=C:/Users/Admin/Desktop/图片/input.png result=1066x1061
16:06:46.355 | INFO | 撤销 | remain=14 blocks=1 rois=0
16:06:48.992 | INFO | 清空处理链 | removed=1 reprocessAfter=否
16:06:48.993 | INFO | 恢复会话 | blocks=0 rois=0
16:06:48.994 | INFO | 撤销 | remain=13 blocks=0 rois=0
16:06:51.486 | INFO | 程序退出
16:06:51.487 | INFO | 保存会话 | path=C:/Users/Admin/Desktop/图片/input.png blocks=0 rois=0
16:06:51.489 | INFO | 会话已落盘 | path=D:/Qt/project/opencv/build/Desktop_Qt_6_7_3_MSVC2019_64bit_Debug/debug/sessions/app_sessions.json count=1
16:06:51.490 | INFO | 会话已落盘 | path=D:/Qt/project/opencv/build/Desktop_Qt_6_7_3_MSVC2019_64bit_Debug/debug/sessions/app_sessions.json count=1
========== 会话开始 2026-07-22 16:56:44.959 ==========
INFO | 日志文件 | D:\Qt\project\opencv\build\Desktop_Qt_6_7_3_MSVC2019_64bit_Debug\debug\logs\app_20260722.log
INFO | 应用 | 图像处理工具 1.0.0
16:56:44.959 | INFO | 程序启动
16:56:45.030 | INFO | 会话已加载 | path=D:/Qt/project/opencv/build/Desktop_Qt_6_7_3_MSVC2019_64bit_Debug/debug/sessions/app_sessions.json count=1
16:56:45.513 | INFO | 主窗口已显示
16:56:52.263 | INFO | 打开单张图片 | C:/Users/Admin/Desktop/图片/input.png
16:56:52.334 | INFO | 清空处理链 | removed=0 reprocessAfter=否
16:56:52.335 | INFO | 恢复会话 | blocks=0 rois=0
16:56:52.336 | INFO | 加载图片 | path=C:/Users/Admin/Desktop/图片/input.png size=1066x1061 prev=(无) session=恢复 blocks=0 rois=0
16:56:53.397 | INFO | 撤销快照 | reason=添加处理块 depth=1
16:56:53.398 | INFO | 开始处理 | path=C:/Users/Admin/Desktop/图片/input.png blocks=1 enabled=1 rois=0 chain=[二值化处理]
16:56:53.427 | INFO | 执行处理块 | name=二值化处理 elapsed=28 ms rois=0
16:56:53.428 | INFO | 流水线结束 | total=29 ms steps=[二值化处理(28ms)]
16:56:53.429 | INFO | 处理完成 | elapsed=29 ms path=C:/Users/Admin/Desktop/图片/input.png result=1066x1061
16:56:53.460 | INFO | 添加处理块 | name=二值化处理 index=0
16:56:54.210 | INFO | 撤销快照 | reason=添加处理块 depth=2
16:56:54.211 | INFO | 开始处理 | path=C:/Users/Admin/Desktop/图片/input.png blocks=2 enabled=2 rois=0 chain=[二值化处理 -> 形态学处理]
16:56:54.238 | INFO | 执行处理块 | name=二值化处理 elapsed=25 ms rois=0
16:56:54.258 | INFO | 执行处理块 | name=形态学处理 elapsed=19 ms rois=0
16:56:54.259 | INFO | 流水线结束 | total=47 ms steps=[二值化处理(25ms) -> 形态学处理(19ms)]
16:56:54.260 | INFO | 处理完成 | elapsed=47 ms path=C:/Users/Admin/Desktop/图片/input.png result=1066x1061
16:56:54.286 | INFO | 添加处理块 | name=形态学处理 index=1
16:57:08.699 | INFO | 清空处理链 | removed=2 reprocessAfter=否
16:57:08.713 | INFO | 添加处理块 | name=二值化处理 index=0
16:57:08.714 | INFO | 恢复会话 | blocks=1 rois=0
16:57:08.715 | INFO | 开始处理 | path=C:/Users/Admin/Desktop/图片/input.png blocks=1 enabled=1 rois=0 chain=[二值化处理]
16:57:08.738 | INFO | 执行处理块 | name=二值化处理 elapsed=22 ms rois=0
16:57:08.739 | INFO | 流水线结束 | total=23 ms steps=[二值化处理(22ms)]
16:57:08.740 | INFO | 处理完成 | elapsed=23 ms path=C:/Users/Admin/Desktop/图片/input.png result=1066x1061
16:57:08.740 | INFO | 撤销 | remain=1 blocks=1 rois=0
16:57:10.742 | INFO | 清空处理链 | removed=1 reprocessAfter=否
16:57:10.743 | INFO | 恢复会话 | blocks=0 rois=0
16:57:10.743 | INFO | 应用处理 | 空链，显示原图 path=C:/Users/Admin/Desktop/图片/input.png
16:57:10.743 | INFO | 撤销 | remain=0 blocks=0 rois=0
16:57:14.879 | INFO | 撤销 | 栈空
16:57:16.217 | INFO | 撤销 | 栈空
16:57:17.420 | INFO | 撤销 | 栈空
16:57:19.435 | INFO | 撤销快照 | reason=添加处理块 depth=1
16:57:19.435 | INFO | 开始处理 | path=C:/Users/Admin/Desktop/图片/input.png blocks=1 enabled=1 rois=0 chain=[滤波处理]
16:57:19.475 | INFO | 执行处理块 | name=滤波处理 elapsed=38 ms rois=0
16:57:19.477 | INFO | 流水线结束 | total=40 ms steps=[滤波处理(38ms)]
16:57:19.477 | INFO | 处理完成 | elapsed=40 ms path=C:/Users/Admin/Desktop/图片/input.png result=1066x1061
16:57:19.503 | INFO | 添加处理块 | name=滤波处理 index=0
16:57:23.579 | INFO | 清空处理链 | removed=1 reprocessAfter=否
16:57:23.579 | INFO | 恢复会话 | blocks=0 rois=0
16:57:23.580 | INFO | 应用处理 | 空链，显示原图 path=C:/Users/Admin/Desktop/图片/input.png
16:57:23.580 | INFO | 撤销 | remain=0 blocks=0 rois=0
16:57:24.801 | INFO | 程序退出
16:57:24.801 | INFO | 保存会话 | path=C:/Users/Admin/Desktop/图片/input.png blocks=0 rois=0
16:57:24.804 | INFO | 会话已落盘 | path=D:/Qt/project/opencv/build/Desktop_Qt_6_7_3_MSVC2019_64bit_Debug/debug/sessions/app_sessions.json count=1
16:57:24.805 | INFO | 会话已落盘 | path=D:/Qt/project/opencv/build/Desktop_Qt_6_7_3_MSVC2019_64bit_Debug/debug/sessions/app_sessions.json count=1
========== 会话开始 2026-07-22 17:03:57.191 ==========
INFO | 日志文件 | D:\Qt\project\opencv\build\Desktop_Qt_6_7_3_MSVC2019_64bit_Debug\debug\logs\app_20260722.log
INFO | 应用 | 图像处理工具 1.0.0
17:03:57.192 | INFO | 程序启动
17:03:57.277 | INFO | 会话已加载 | path=D:/Qt/project/opencv/build/Desktop_Qt_6_7_3_MSVC2019_64bit_Debug/debug/sessions/app_sessions.json count=1
17:03:57.938 | INFO | 主窗口已显示
17:04:05.737 | INFO | 打开单张图片 | C:/Users/Admin/Desktop/图片/input.png
17:04:05.814 | INFO | 清空处理链 | removed=0 reprocessAfter=否
17:04:05.815 | INFO | 恢复会话 | blocks=0 rois=0
17:04:05.817 | INFO | 加载图片 | path=C:/Users/Admin/Desktop/图片/input.png size=1066x1061 prev=(无) session=恢复 blocks=0 rois=0
17:04:06.810 | INFO | 撤销快照 | reason=添加处理块 depth=1
17:04:06.811 | INFO | 开始处理 | path=C:/Users/Admin/Desktop/图片/input.png blocks=1 enabled=1 rois=0 chain=[二值化处理]
17:04:06.841 | INFO | 执行处理块 | name=二值化处理 elapsed=30 ms rois=0
17:04:06.842 | INFO | 流水线结束 | total=31 ms steps=[二值化处理(30ms)]
17:04:06.843 | INFO | 处理完成 | elapsed=31 ms path=C:/Users/Admin/Desktop/图片/input.png result=1066x1061
17:04:06.875 | INFO | 添加处理块 | name=二值化处理 index=0
17:04:07.445 | INFO | 撤销快照 | reason=添加处理块 depth=2
17:04:07.446 | INFO | 开始处理 | path=C:/Users/Admin/Desktop/图片/input.png blocks=2 enabled=2 rois=0 chain=[二值化处理 -> 形态学处理]
17:04:07.473 | INFO | 执行处理块 | name=二值化处理 elapsed=25 ms rois=0
17:04:07.498 | INFO | 执行处理块 | name=形态学处理 elapsed=24 ms rois=0
17:04:07.499 | INFO | 流水线结束 | total=52 ms steps=[二值化处理(25ms) -> 形态学处理(24ms)]
17:04:07.501 | INFO | 处理完成 | elapsed=52 ms path=C:/Users/Admin/Desktop/图片/input.png result=1066x1061
17:04:07.529 | INFO | 添加处理块 | name=形态学处理 index=1
17:04:08.581 | INFO | 清空处理链 | removed=2 reprocessAfter=否
17:04:08.599 | INFO | 添加处理块 | name=二值化处理 index=0
17:04:08.599 | INFO | 恢复会话 | blocks=1 rois=0
17:04:08.600 | INFO | 开始处理 | path=C:/Users/Admin/Desktop/图片/input.png blocks=1 enabled=1 rois=0 chain=[二值化处理]
17:04:08.625 | INFO | 执行处理块 | name=二值化处理 elapsed=24 ms rois=0
17:04:08.626 | INFO | 流水线结束 | total=25 ms steps=[二值化处理(24ms)]
17:04:08.627 | INFO | 处理完成 | elapsed=25 ms path=C:/Users/Admin/Desktop/图片/input.png result=1066x1061
17:04:08.627 | INFO | 撤销 | remain=1 blocks=1 rois=0
17:04:09.389 | INFO | 清空处理链 | removed=1 reprocessAfter=否
17:04:09.390 | INFO | 恢复会话 | blocks=0 rois=0
17:04:09.390 | INFO | 应用处理 | 空链，显示原图 path=C:/Users/Admin/Desktop/图片/input.png
17:04:09.391 | INFO | 撤销 | remain=0 blocks=0 rois=0
17:04:10.222 | INFO | 撤销快照 | reason=添加处理块 depth=1
17:04:10.224 | INFO | 开始处理 | path=C:/Users/Admin/Desktop/图片/input.png blocks=1 enabled=1 rois=0 chain=[滤波处理]
17:04:10.262 | INFO | 执行处理块 | name=滤波处理 elapsed=37 ms rois=0
17:04:10.264 | INFO | 流水线结束 | total=39 ms steps=[滤波处理(37ms)]
17:04:10.264 | INFO | 处理完成 | elapsed=39 ms path=C:/Users/Admin/Desktop/图片/input.png result=1066x1061
17:04:10.290 | INFO | 添加处理块 | name=滤波处理 index=0
17:04:10.846 | INFO | 撤销快照 | reason=添加处理块 depth=2
17:04:10.847 | INFO | 开始处理 | path=C:/Users/Admin/Desktop/图片/input.png blocks=2 enabled=2 rois=0 chain=[滤波处理 -> 伪彩色处理]
17:04:10.891 | INFO | 执行处理块 | name=滤波处理 elapsed=43 ms rois=0
17:04:10.916 | INFO | 执行处理块 | name=伪彩色处理 elapsed=24 ms rois=0
17:04:10.917 | INFO | 流水线结束 | total=70 ms steps=[滤波处理(43ms) -> 伪彩色处理(24ms)]
17:04:10.918 | INFO | 处理完成 | elapsed=70 ms path=C:/Users/Admin/Desktop/图片/input.png result=1066x1061
17:04:10.940 | INFO | 添加处理块 | name=伪彩色处理 index=1
17:04:11.921 | INFO | 撤销快照 | reason=添加处理块 depth=3
17:04:11.922 | INFO | 开始处理 | path=C:/Users/Admin/Desktop/图片/input.png blocks=3 enabled=3 rois=0 chain=[滤波处理 -> 伪彩色处理 -> 灰度共生矩阵]
17:04:11.964 | INFO | 执行处理块 | name=滤波处理 elapsed=40 ms rois=0
17:04:11.990 | INFO | 执行处理块 | name=伪彩色处理 elapsed=25 ms rois=0
17:04:12.085 | INFO | 执行处理块 | name=灰度共生矩阵 elapsed=94 ms rois=0
17:04:12.086 | INFO | 流水线结束 | total=163 ms steps=[滤波处理(40ms) -> 伪彩色处理(25ms) -> 灰度共生矩阵(94ms)]
17:04:12.088 | INFO | 处理完成 | elapsed=163 ms path=C:/Users/Admin/Desktop/图片/input.png result=1066x1061
17:04:12.124 | INFO | 添加处理块 | name=灰度共生矩阵 index=2
17:04:13.076 | INFO | 清空处理链 | removed=3 reprocessAfter=否
17:04:13.119 | INFO | 添加处理块 | name=滤波处理 index=0
17:04:13.150 | INFO | 添加处理块 | name=伪彩色处理 index=1
17:04:13.151 | INFO | 恢复会话 | blocks=2 rois=0
17:04:13.151 | INFO | 开始处理 | path=C:/Users/Admin/Desktop/图片/input.png blocks=2 enabled=2 rois=0 chain=[滤波处理 -> 伪彩色处理]
17:04:13.194 | INFO | 执行处理块 | name=滤波处理 elapsed=42 ms rois=0
17:04:13.219 | INFO | 执行处理块 | name=伪彩色处理 elapsed=23 ms rois=0
17:04:13.220 | INFO | 流水线结束 | total=68 ms steps=[滤波处理(42ms) -> 伪彩色处理(23ms)]
17:04:13.221 | INFO | 处理完成 | elapsed=68 ms path=C:/Users/Admin/Desktop/图片/input.png result=1066x1061
17:04:13.221 | INFO | 撤销 | remain=2 blocks=2 rois=0
17:04:14.158 | INFO | 清空处理链 | removed=2 reprocessAfter=否
17:04:14.194 | INFO | 添加处理块 | name=滤波处理 index=0
17:04:14.195 | INFO | 恢复会话 | blocks=1 rois=0
17:04:14.195 | INFO | 开始处理 | path=C:/Users/Admin/Desktop/图片/input.png blocks=1 enabled=1 rois=0 chain=[滤波处理]
17:04:14.233 | INFO | 执行处理块 | name=滤波处理 elapsed=36 ms rois=0
17:04:14.233 | INFO | 流水线结束 | total=37 ms steps=[滤波处理(36ms)]
17:04:14.235 | INFO | 处理完成 | elapsed=37 ms path=C:/Users/Admin/Desktop/图片/input.png result=1066x1061
17:04:14.235 | INFO | 撤销 | remain=1 blocks=1 rois=0
17:04:14.645 | INFO | 清空处理链 | removed=1 reprocessAfter=否
17:04:14.646 | INFO | 恢复会话 | blocks=0 rois=0
17:04:14.646 | INFO | 应用处理 | 空链，显示原图 path=C:/Users/Admin/Desktop/图片/input.png
17:04:14.647 | INFO | 撤销 | remain=0 blocks=0 rois=0
17:04:15.929 | INFO | 撤销快照 | reason=添加处理块 depth=1
17:04:15.930 | INFO | 开始处理 | path=C:/Users/Admin/Desktop/图片/input.png blocks=1 enabled=1 rois=0 chain=[伪彩色处理]
17:04:15.951 | INFO | 执行处理块 | name=伪彩色处理 elapsed=20 ms rois=0
17:04:15.952 | INFO | 流水线结束 | total=21 ms steps=[伪彩色处理(20ms)]
17:04:15.954 | INFO | 处理完成 | elapsed=21 ms path=C:/Users/Admin/Desktop/图片/input.png result=1066x1061
17:04:15.972 | INFO | 添加处理块 | name=伪彩色处理 index=0
17:04:16.746 | INFO | 撤销快照 | reason=添加处理块 depth=2
17:04:16.747 | INFO | 开始处理 | path=C:/Users/Admin/Desktop/图片/input.png blocks=2 enabled=2 rois=0 chain=[伪彩色处理 -> 灰度共生矩阵]
17:04:16.769 | INFO | 执行处理块 | name=伪彩色处理 elapsed=20 ms rois=0
17:04:16.861 | INFO | 执行处理块 | name=灰度共生矩阵 elapsed=91 ms rois=0
17:04:16.861 | INFO | 流水线结束 | total=114 ms steps=[伪彩色处理(20ms) -> 灰度共生矩阵(91ms)]
17:04:16.864 | INFO | 处理完成 | elapsed=114 ms path=C:/Users/Admin/Desktop/图片/input.png result=1066x1061
17:04:16.894 | INFO | 添加处理块 | name=灰度共生矩阵 index=1
17:04:18.081 | INFO | 撤销快照 | reason=删除处理块 depth=3
17:04:18.081 | INFO | 开始处理 | path=C:/Users/Admin/Desktop/图片/input.png blocks=1 enabled=1 rois=0 chain=[伪彩色处理]
17:04:18.104 | INFO | 执行处理块 | name=伪彩色处理 elapsed=21 ms rois=0
17:04:18.104 | INFO | 流水线结束 | total=22 ms steps=[伪彩色处理(21ms)]
17:04:18.106 | INFO | 处理完成 | elapsed=22 ms path=C:/Users/Admin/Desktop/图片/input.png result=1066x1061
17:04:18.106 | INFO | 删除处理块 | name=灰度共生矩阵 remain=1
17:04:19.009 | INFO | 撤销快照 | reason=添加处理块 depth=4
17:04:19.010 | INFO | 开始处理 | path=C:/Users/Admin/Desktop/图片/input.png blocks=2 enabled=2 rois=0 chain=[伪彩色处理 -> 灰度变换]
17:04:19.035 | INFO | 执行处理块 | name=伪彩色处理 elapsed=22 ms rois=0
17:04:19.056 | INFO | 执行处理块 | name=灰度变换 elapsed=20 ms rois=0
17:04:19.056 | INFO | 流水线结束 | total=44 ms steps=[伪彩色处理(22ms) -> 灰度变换(20ms)]
17:04:19.057 | INFO | 处理完成 | elapsed=44 ms path=C:/Users/Admin/Desktop/图片/input.png result=1066x1061
17:04:19.083 | INFO | 添加处理块 | name=灰度变换 index=1
17:04:19.700 | INFO | 撤销快照 | reason=添加处理块 depth=5
17:04:19.701 | INFO | 开始处理 | path=C:/Users/Admin/Desktop/图片/input.png blocks=3 enabled=3 rois=0 chain=[伪彩色处理 -> 灰度变换 -> 滤波处理]
17:04:19.723 | INFO | 执行处理块 | name=伪彩色处理 elapsed=21 ms rois=0
17:04:19.744 | INFO | 执行处理块 | name=灰度变换 elapsed=19 ms rois=0
17:04:19.786 | INFO | 执行处理块 | name=滤波处理 elapsed=39 ms rois=0
17:04:19.787 | INFO | 流水线结束 | total=85 ms steps=[伪彩色处理(21ms) -> 灰度变换(19ms) -> 滤波处理(39ms)]
17:04:19.788 | INFO | 处理完成 | elapsed=85 ms path=C:/Users/Admin/Desktop/图片/input.png result=1066x1061
17:04:19.812 | INFO | 添加处理块 | name=滤波处理 index=2
17:04:20.868 | INFO | 清空处理链 | removed=3 reprocessAfter=否
17:04:20.896 | INFO | 添加处理块 | name=伪彩色处理 index=0
17:04:20.932 | INFO | 添加处理块 | name=灰度变换 index=1
17:04:20.933 | INFO | 恢复会话 | blocks=2 rois=0
17:04:20.933 | INFO | 开始处理 | path=C:/Users/Admin/Desktop/图片/input.png blocks=2 enabled=2 rois=0 chain=[伪彩色处理 -> 灰度变换]
17:04:20.955 | INFO | 执行处理块 | name=伪彩色处理 elapsed=20 ms rois=0
17:04:20.975 | INFO | 执行处理块 | name=灰度变换 elapsed=19 ms rois=0
17:04:20.975 | INFO | 流水线结束 | total=41 ms steps=[伪彩色处理(20ms) -> 灰度变换(19ms)]
17:04:20.976 | INFO | 处理完成 | elapsed=41 ms path=C:/Users/Admin/Desktop/图片/input.png result=1066x1061
17:04:20.977 | INFO | 撤销 | remain=4 blocks=2 rois=0
17:04:22.102 | INFO | 清空处理链 | removed=2 reprocessAfter=否
17:04:22.135 | INFO | 添加处理块 | name=伪彩色处理 index=0
17:04:22.135 | INFO | 恢复会话 | blocks=1 rois=0
17:04:22.136 | INFO | 开始处理 | path=C:/Users/Admin/Desktop/图片/input.png blocks=1 enabled=1 rois=0 chain=[伪彩色处理]
17:04:22.163 | INFO | 执行处理块 | name=伪彩色处理 elapsed=26 ms rois=0
17:04:22.165 | INFO | 流水线结束 | total=28 ms steps=[伪彩色处理(26ms)]
17:04:22.166 | INFO | 处理完成 | elapsed=28 ms path=C:/Users/Admin/Desktop/图片/input.png result=1066x1061
17:04:22.166 | INFO | 撤销 | remain=3 blocks=1 rois=0
17:04:23.173 | INFO | 清空处理链 | removed=1 reprocessAfter=否
17:04:23.200 | INFO | 添加处理块 | name=伪彩色处理 index=0
17:04:23.247 | INFO | 添加处理块 | name=灰度共生矩阵 index=1
17:04:23.248 | INFO | 恢复会话 | blocks=2 rois=0
17:04:23.250 | INFO | 开始处理 | path=C:/Users/Admin/Desktop/图片/input.png blocks=2 enabled=2 rois=0 chain=[伪彩色处理 -> 灰度共生矩阵]
17:04:23.272 | INFO | 执行处理块 | name=伪彩色处理 elapsed=21 ms rois=0
17:04:23.364 | INFO | 执行处理块 | name=灰度共生矩阵 elapsed=90 ms rois=0
17:04:23.364 | INFO | 流水线结束 | total=114 ms steps=[伪彩色处理(21ms) -> 灰度共生矩阵(90ms)]
17:04:23.367 | INFO | 处理完成 | elapsed=114 ms path=C:/Users/Admin/Desktop/图片/input.png result=1066x1061
17:04:23.367 | INFO | 撤销 | remain=2 blocks=2 rois=0
17:04:24.749 | INFO | 清空处理链 | removed=2 reprocessAfter=否
17:04:24.778 | INFO | 添加处理块 | name=伪彩色处理 index=0
17:04:24.778 | INFO | 恢复会话 | blocks=1 rois=0
17:04:24.779 | INFO | 开始处理 | path=C:/Users/Admin/Desktop/图片/input.png blocks=1 enabled=1 rois=0 chain=[伪彩色处理]
17:04:24.804 | INFO | 执行处理块 | name=伪彩色处理 elapsed=24 ms rois=0
17:04:24.805 | INFO | 流水线结束 | total=26 ms steps=[伪彩色处理(24ms)]
17:04:24.806 | INFO | 处理完成 | elapsed=26 ms path=C:/Users/Admin/Desktop/图片/input.png result=1066x1061
17:04:24.807 | INFO | 撤销 | remain=1 blocks=1 rois=0
17:04:25.253 | INFO | 清空处理链 | removed=1 reprocessAfter=否
17:04:25.253 | INFO | 恢复会话 | blocks=0 rois=0
17:04:25.254 | INFO | 应用处理 | 空链，显示原图 path=C:/Users/Admin/Desktop/图片/input.png
17:04:25.255 | INFO | 撤销 | remain=0 blocks=0 rois=0
17:04:26.142 | INFO | 撤销 | 栈空
17:04:51.787 | INFO | 应用处理 | 空链，显示原图 path=C:/Users/Admin/Desktop/图片/input.png
17:04:55.401 | INFO | 应用处理 | 空链，显示原图 path=C:/Users/Admin/Desktop/图片/input.png
17:04:56.789 | INFO | 应用处理 | 空链，显示原图 path=C:/Users/Admin/Desktop/图片/input.png
17:04:57.641 | INFO | 应用处理 | 空链，显示原图 path=C:/Users/Admin/Desktop/图片/input.png
17:04:57.811 | INFO | 应用处理 | 空链，显示原图 path=C:/Users/Admin/Desktop/图片/input.png
17:05:00.893 | INFO | 程序退出
17:05:00.894 | INFO | 保存会话 | path=C:/Users/Admin/Desktop/图片/input.png blocks=0 rois=0
17:05:00.896 | INFO | 会话已落盘 | path=D:/Qt/project/opencv/build/Desktop_Qt_6_7_3_MSVC2019_64bit_Debug/debug/sessions/app_sessions.json count=1
17:05:00.897 | INFO | 会话已落盘 | path=D:/Qt/project/opencv/build/Desktop_Qt_6_7_3_MSVC2019_64bit_Debug/debug/sessions/app_sessions.json count=1
========== 会话开始 2026-07-22 17:20:58.623 ==========
INFO | 日志文件 | D:\Qt\project\opencv\build\Desktop_Qt_6_7_3_MSVC2019_64bit_Debug\debug\logs\app_20260722.log
INFO | 应用 | 图像处理工具 1.0.0
17:20:58.623 | INFO | 程序启动
17:20:58.716 | INFO | 会话已加载 | path=D:/Qt/project/opencv/build/Desktop_Qt_6_7_3_MSVC2019_64bit_Debug/debug/sessions/app_sessions.json count=1
17:20:59.265 | INFO | 主窗口已显示
17:21:06.835 | INFO | 打开单张图片 | C:/Users/Admin/Desktop/图片/input.png
17:21:06.907 | INFO | 清空处理链 | removed=0 reprocessAfter=否
17:21:06.908 | INFO | 恢复会话 | blocks=0 rois=0
17:21:06.909 | INFO | 加载图片 | path=C:/Users/Admin/Desktop/图片/input.png size=1066x1061 prev=(无) session=恢复 blocks=0 rois=0
17:21:09.944 | INFO | 撤销快照 | reason=添加处理块 depth=1
17:21:09.945 | INFO | 开始处理 | path=C:/Users/Admin/Desktop/图片/input.png blocks=1 enabled=1 rois=0 chain=[二值化处理]
17:21:09.974 | INFO | 执行处理块 | name=二值化处理 elapsed=28 ms rois=0
17:21:09.975 | INFO | 流水线结束 | total=30 ms steps=[二值化处理(28ms)]
17:21:09.976 | INFO | 处理完成 | elapsed=30 ms path=C:/Users/Admin/Desktop/图片/input.png result=1066x1061
17:21:10.008 | INFO | 添加处理块 | name=二值化处理 index=0
17:21:14.420 | INFO | 撤销快照 | reason=删除处理块 depth=2
17:21:14.421 | INFO | 应用处理 | 空链，显示原图 path=C:/Users/Admin/Desktop/图片/input.png
17:21:14.421 | INFO | 开始处理 | path=C:/Users/Admin/Desktop/图片/input.png blocks=0 enabled=0 rois=0 chain=[]
17:21:14.422 | INFO | 流水线结束 | total=0 ms steps=[]
17:21:14.423 | INFO | 处理完成 | elapsed=0 ms path=C:/Users/Admin/Desktop/图片/input.png result=1066x1061
17:21:14.425 | INFO | 删除处理块 | name=二值化处理 remain=0
17:21:27.168 | INFO | 撤销快照 | reason=添加处理块 depth=3
17:21:27.169 | INFO | 开始处理 | path=C:/Users/Admin/Desktop/图片/input.png blocks=1 enabled=1 rois=0 chain=[形态学处理]
17:21:27.194 | INFO | 执行处理块 | name=形态学处理 elapsed=23 ms rois=0
17:21:27.195 | INFO | 流水线结束 | total=25 ms steps=[形态学处理(23ms)]
17:21:27.196 | INFO | 处理完成 | elapsed=25 ms path=C:/Users/Admin/Desktop/图片/input.png result=1066x1061
17:21:27.220 | INFO | 添加处理块 | name=形态学处理 index=0
17:21:32.703 | INFO | 程序退出
17:21:32.704 | INFO | 保存会话 | path=C:/Users/Admin/Desktop/图片/input.png blocks=1 rois=0
17:21:32.705 | INFO | 会话已落盘 | path=D:/Qt/project/opencv/build/Desktop_Qt_6_7_3_MSVC2019_64bit_Debug/debug/sessions/app_sessions.json count=1
17:21:32.707 | INFO | 会话已落盘 | path=D:/Qt/project/opencv/build/Desktop_Qt_6_7_3_MSVC2019_64bit_Debug/debug/sessions/app_sessions.json count=1
========== 会话开始 2026-07-22 19:34:23.837 ==========
INFO | 日志文件 | D:\Qt\project\opencv\build\Desktop_Qt_6_7_3_MSVC2019_64bit_Debug\debug\logs\app_20260722.log
INFO | 应用 | 图像处理工具 1.0.0
19:34:23.837 | INFO | 程序启动
19:34:23.933 | INFO | 会话已加载 | path=D:/Qt/project/opencv/build/Desktop_Qt_6_7_3_MSVC2019_64bit_Debug/debug/sessions/app_sessions.json count=1
19:34:24.527 | INFO | 主窗口已显示
19:41:30.224 | INFO | 清空处理链 | removed=0 reprocessAfter=是
19:41:32.390 | INFO | 程序退出
19:41:32.393 | INFO | 会话已落盘 | path=D:/Qt/project/opencv/build/Desktop_Qt_6_7_3_MSVC2019_64bit_Debug/debug/sessions/app_sessions.json count=1
========== 会话开始 2026-07-22 19:45:09.503 ==========
INFO | 日志文件 | D:\Qt\project\opencv\build\Desktop_Qt_6_7_3_MSVC2019_64bit_Debug\debug\logs\app_20260722.log
INFO | 应用 | 图像处理工具 1.0.0
19:45:09.504 | INFO | 程序启动
19:45:09.611 | INFO | 会话已加载 | path=D:/Qt/project/opencv/build/Desktop_Qt_6_7_3_MSVC2019_64bit_Debug/debug/sessions/app_sessions.json count=1
19:45:10.369 | INFO | 主窗口已显示
19:45:20.992 | INFO | 程序退出
19:45:20.994 | INFO | 会话已落盘 | path=D:/Qt/project/opencv/build/Desktop_Qt_6_7_3_MSVC2019_64bit_Debug/debug/sessions/app_sessions.json count=1
========== 会话开始 2026-07-22 19:49:32.821 ==========
INFO | 日志文件 | D:\Qt\project\opencv\build\Desktop_Qt_6_7_3_MSVC2019_64bit_Debug\debug\logs\app_20260722.log
INFO | 应用 | 图像处理工具 1.0.0
19:49:32.821 | INFO | 程序启动
19:49:32.926 | INFO | 会话已加载 | path=D:/Qt/project/opencv/build/Desktop_Qt_6_7_3_MSVC2019_64bit_Debug/debug/sessions/app_sessions.json count=1
19:49:33.240 | INFO | 切换主题 | light
19:49:33.336 | INFO | 主窗口已显示
19:49:39.158 | INFO | 撤销快照 | reason=添加处理块 depth=1
19:49:39.209 | INFO | 添加处理块 | name=二值化处理 index=0
19:49:42.703 | INFO | 撤销快照 | reason=添加处理块 depth=2
19:49:42.713 | INFO | 添加处理块 | name=二值化处理 index=1
19:49:46.271 | INFO | 切换主题 | dark
19:49:59.654 | INFO | 切换主题 | light
19:50:05.368 | INFO | 撤销快照 | reason=添加处理块 depth=3
19:50:05.401 | INFO | 添加处理块 | name=灰度共生矩阵 index=2
19:50:06.458 | INFO | 撤销快照 | reason=删除处理块 depth=4
19:50:06.459 | INFO | 删除处理块 | name=灰度共生矩阵 remain=2
19:50:09.259 | INFO | 撤销快照 | reason=清空处理链 depth=5
19:50:09.261 | INFO | 清空处理链 | removed=2 reprocessAfter=是
19:50:14.049 | INFO | 程序退出
19:50:14.052 | INFO | 会话已落盘 | path=D:/Qt/project/opencv/build/Desktop_Qt_6_7_3_MSVC2019_64bit_Debug/debug/sessions/app_sessions.json count=1
========== 会话开始 2026-07-22 20:00:06.077 ==========
INFO | 日志文件 | D:\Qt\project\opencv\build\Desktop_Qt_6_7_3_MSVC2019_64bit_Debug\debug\logs\app_20260722.log
INFO | 应用 | 图像处理工具 1.0.0
20:00:06.077 | INFO | 程序启动
20:00:06.144 | INFO | 会话已加载 | path=D:/Qt/project/opencv/build/Desktop_Qt_6_7_3_MSVC2019_64bit_Debug/debug/sessions/app_sessions.json count=1
20:00:06.701 | INFO | 切换主题 | light
20:00:06.793 | INFO | 主窗口已显示
20:00:12.039 | INFO | 切换主题 | dark
20:00:15.545 | INFO | 切换语言 | en
20:00:18.690 | INFO | 切换语言 | zh
20:00:20.674 | INFO | 切换主题 | light
20:00:25.210 | INFO | 切换主题 | dark
20:00:28.195 | INFO | 切换主题 | light
20:01:06.049 | INFO | 程序退出
20:01:06.052 | INFO | 会话已落盘 | path=D:/Qt/project/opencv/build/Desktop_Qt_6_7_3_MSVC2019_64bit_Debug/debug/sessions/app_sessions.json count=1
========== 会话开始 2026-07-22 20:06:01.916 ==========
INFO | 日志文件 | D:\Qt\project\opencv\build\Desktop_Qt_6_7_3_MSVC2019_64bit_Debug\debug\logs\app_20260722.log
INFO | 应用 | 图像处理工具 1.0.0
20:06:01.917 | INFO | 程序启动
20:06:02.019 | INFO | 会话已加载 | path=D:/Qt/project/opencv/build/Desktop_Qt_6_7_3_MSVC2019_64bit_Debug/debug/sessions/app_sessions.json count=1
20:06:02.662 | INFO | 切换主题 | light
20:06:02.800 | INFO | 主窗口已显示
20:06:34.881 | INFO | 切换主题 | dark
20:06:41.585 | INFO | 程序退出
20:06:41.587 | INFO | 会话已落盘 | path=D:/Qt/project/opencv/build/Desktop_Qt_6_7_3_MSVC2019_64bit_Debug/debug/sessions/app_sessions.json count=1
========== 会话开始 2026-07-22 20:09:08.870 ==========
INFO | 日志文件 | D:\Qt\project\opencv\build\Desktop_Qt_6_7_3_MSVC2019_64bit_Debug\debug\logs\app_20260722.log
INFO | 应用 | 图像处理工具 1.0.0
20:09:08.871 | INFO | 程序启动
20:09:08.939 | INFO | 会话已加载 | path=D:/Qt/project/opencv/build/Desktop_Qt_6_7_3_MSVC2019_64bit_Debug/debug/sessions/app_sessions.json count=1
20:09:09.374 | INFO | 切换主题 | dark
20:09:09.459 | INFO | 主窗口已显示
20:09:15.909 | INFO | 切换主题 | light
20:09:23.724 | INFO | 切换主题 | dark
20:09:28.780 | INFO | 撤销快照 | reason=添加处理块 depth=1
20:09:28.840 | INFO | 添加处理块 | name=灰度共生矩阵 index=0
20:09:30.566 | INFO | 撤销快照 | reason=添加处理块 depth=2
20:09:30.582 | INFO | 添加处理块 | name=伪彩色处理 index=1
20:09:31.199 | INFO | 撤销快照 | reason=添加处理块 depth=3
20:09:31.217 | INFO | 添加处理块 | name=滤波处理 index=2
20:09:32.002 | INFO | 撤销快照 | reason=添加处理块 depth=4
20:09:32.019 | INFO | 添加处理块 | name=形态学处理 index=3
20:09:35.389 | INFO | 切换主题 | light
20:09:59.955 | INFO | 程序退出
20:09:59.958 | INFO | 会话已落盘 | path=D:/Qt/project/opencv/build/Desktop_Qt_6_7_3_MSVC2019_64bit_Debug/debug/sessions/app_sessions.json count=1
